Using pre-set license
Built from '2022.3/china_unity/release' branch; Version is '2022.3.47f1c1 (28b00139a434) revision 2666497'; Using compiler version '192829333'; Build Type 'Release'
OS: 'Windows 11  (10.0.22635) 64bit CoreCountrySpecific' Language: 'zh' Physical Memory: 32469 MB
BatchMode: 1, IsHumanControllingUs: 0, StartBugReporterOnCrash: 0, Is64bit: 1, IsPro: 1

COMMAND LINE ARGUMENTS:
D:\UnityHub\2022.3.47f1c1\Editor\Unity.exe
-adb2
-batchMode
-noUpm
-name
AssetImportWorker2
-projectPath
D:/UnityProject/Walking Project
-logFile
Logs/AssetImportWorker2.log
-srvPort
62273
Successfully changed project path to: D:/UnityProject/Walking Project
D:/UnityProject/Walking Project
[UnityMemory] Configuration Parameters - Can be set up in boot.config
    "memorysetup-bucket-allocator-granularity=16"
    "memorysetup-bucket-allocator-bucket-count=8"
    "memorysetup-bucket-allocator-block-size=33554432"
    "memorysetup-bucket-allocator-block-count=8"
    "memorysetup-main-allocator-block-size=16777216"
    "memorysetup-thread-allocator-block-size=16777216"
    "memorysetup-gfx-main-allocator-block-size=16777216"
    "memorysetup-gfx-thread-allocator-block-size=16777216"
    "memorysetup-cache-allocator-block-size=4194304"
    "memorysetup-typetree-allocator-block-size=2097152"
    "memorysetup-profiler-bucket-allocator-granularity=16"
    "memorysetup-profiler-bucket-allocator-bucket-count=8"
    "memorysetup-profiler-bucket-allocator-block-size=33554432"
    "memorysetup-profiler-bucket-allocator-block-count=8"
    "memorysetup-profiler-allocator-block-size=16777216"
    "memorysetup-profiler-editor-allocator-block-size=1048576"
    "memorysetup-temp-allocator-size-main=16777216"
    "memorysetup-job-temp-allocator-block-size=2097152"
    "memorysetup-job-temp-allocator-block-size-background=1048576"
    "memorysetup-job-temp-allocator-reduction-small-platforms=262144"
    "memorysetup-allocator-temp-initial-block-size-main=262144"
    "memorysetup-allocator-temp-initial-block-size-worker=262144"
    "memorysetup-temp-allocator-size-background-worker=32768"
    "memorysetup-temp-allocator-size-job-worker=262144"
    "memorysetup-temp-allocator-size-preload-manager=33554432"
    "memorysetup-temp-allocator-size-nav-mesh-worker=65536"
    "memorysetup-temp-allocator-size-audio-worker=65536"
    "memorysetup-temp-allocator-size-cloud-worker=32768"
    "memorysetup-temp-allocator-size-gi-baking-worker=262144"
    "memorysetup-temp-allocator-size-gfx=262144"
Player connection [25468]  Target information:

Player connection [25468]  * "[IP] 172.23.152.244 [Port] 0 [Flags] 2 [Guid] 1940838127 [EditorId] 1940838127 [Version] 1048832 [Id] WindowsEditor(7,ACDFXUG) [Debug] 1 [PackageName] WindowsEditor [ProjectName] Editor" 

Player connection [25468]  * "[IP] 192.168.247.1 [Port] 0 [Flags] 2 [Guid] 1940838127 [EditorId] 1940838127 [Version] 1048832 [Id] WindowsEditor(7,ACDFXUG) [Debug] 1 [PackageName] WindowsEditor [ProjectName] Editor" 

Player connection [25468]  * "[IP] 192.168.253.1 [Port] 0 [Flags] 2 [Guid] 1940838127 [EditorId] 1940838127 [Version] 1048832 [Id] WindowsEditor(7,ACDFXUG) [Debug] 1 [PackageName] WindowsEditor [ProjectName] Editor" 

Player connection [25468] Host joined multi-casting on [225.0.0.222:54997]...
Player connection [25468] Host joined alternative multi-casting on [225.0.0.222:34997]...
[PhysX] Initialized MultithreadedTaskDispatcher with 20 workers.
Refreshing native plugins compatible for Editor in 18.07 ms, found 3 plugins.
Preloading 0 native plugins for Editor in 0.00 ms.
Initialize engine version: 2022.3.47f1c1 (28b00139a434)
[Subsystems] Discovering subsystems at path D:/UnityHub/2022.3.47f1c1/Editor/Data/Resources/UnitySubsystems
[Subsystems] Discovering subsystems at path D:/UnityProject/Walking Project/Assets
GfxDevice: creating device client; threaded=0; jobified=0
Direct3D:
    Version:  Direct3D 11.0 [level 11.1]
    Renderer: NVIDIA GeForce RTX 3070 Ti Laptop GPU (ID=0x24a0)
    Vendor:   NVIDIA
    VRAM:     8018 MB
    Driver:   32.0.15.6636
Initialize mono
Mono path[0] = 'D:/UnityHub/2022.3.47f1c1/Editor/Data/Managed'
Mono path[1] = 'D:/UnityHub/2022.3.47f1c1/Editor/Data/MonoBleedingEdge/lib/mono/unityjit-win32'
Mono config path = 'D:/UnityHub/2022.3.47f1c1/Editor/Data/MonoBleedingEdge/etc'
Using monoOptions --debugger-agent=transport=dt_socket,embedding=1,server=y,suspend=n,address=127.0.0.1:56676
Begin MonoManager ReloadAssembly
Registering precompiled unity dll's ...
Register platform support module: D:/UnityHub/2022.3.47f1c1/Editor/Data/PlaybackEngines/WebGLSupport/UnityEditor.WebGL.Extensions.dll
Register platform support module: D:/UnityHub/2022.3.47f1c1/Editor/Data/PlaybackEngines/WindowsStandaloneSupport/UnityEditor.WindowsStandalone.Extensions.dll
Registered in 0.008030 seconds.
- Loaded All Assemblies, in  0.333 seconds
Native extension for WindowsStandalone target not found
Native extension for WebGL target not found
Mono: successfully reloaded assembly
- Finished resetting the current domain, in  0.244 seconds
Domain Reload Profiling: 573ms
	BeginReloadAssembly (114ms)
		ExecutionOrderSort (0ms)
		DisableScriptedObjects (0ms)
		BackupInstance (0ms)
		ReleaseScriptingObjects (0ms)
		CreateAndSetChildDomain (1ms)
	RebuildCommonClasses (26ms)
	RebuildNativeTypeToScriptingClass (8ms)
	initialDomainReloadingComplete (58ms)
	LoadAllAssembliesAndSetupDomain (122ms)
		LoadAssemblies (110ms)
		RebuildTransferFunctionScriptingTraits (0ms)
		AnalyzeDomain (119ms)
			TypeCache.Refresh (118ms)
				TypeCache.ScanAssembly (106ms)
			ScanForSourceGeneratedMonoScriptInfo (0ms)
			ResolveRequiredComponents (0ms)
	FinalizeReload (244ms)
		ReleaseScriptCaches (0ms)
		RebuildScriptCaches (0ms)
		SetupLoadedEditorAssemblies (204ms)
			LogAssemblyErrors (0ms)
			InitializePlatformSupportModulesInManaged (8ms)
			SetLoadedEditorAssemblies (5ms)
			RefreshPlugins (0ms)
			BeforeProcessingInitializeOnLoad (2ms)
			ProcessInitializeOnLoadAttributes (146ms)
			ProcessInitializeOnLoadMethodAttributes (44ms)
			AfterProcessingInitializeOnLoad (0ms)
			EditorAssembliesLoaded (0ms)
		ExecutionOrderSort2 (0ms)
		AwakeInstancesAfterBackupRestoration (0ms)
========================================================================
Worker process is ready to serve import requests
Caller must complete domain reload
Begin MonoManager ReloadAssembly
- Loaded All Assemblies, in  0.772 seconds
Native extension for WindowsStandalone target not found
Native extension for WebGL target not found
Package Manager log level set to [2]
[Package Manager] Server::EnsureServerProcessIsRunning -- launch failed, reason: Unity was launched with the -noUpm command-line argument
[Package Manager] UpmClient::Send -- Unable to send message (not connected to UPM process).
[Package Manager] Cannot connect to Unity Package Manager local server
Mono: successfully reloaded assembly
- Finished resetting the current domain, in  0.648 seconds
Domain Reload Profiling: 1412ms
	BeginReloadAssembly (201ms)
		ExecutionOrderSort (0ms)
		DisableScriptedObjects (4ms)
		BackupInstance (0ms)
		ReleaseScriptingObjects (0ms)
		CreateAndSetChildDomain (20ms)
	RebuildCommonClasses (41ms)
	RebuildNativeTypeToScriptingClass (12ms)
	initialDomainReloadingComplete (55ms)
	LoadAllAssembliesAndSetupDomain (454ms)
		LoadAssemblies (427ms)
		RebuildTransferFunctionScriptingTraits (0ms)
		AnalyzeDomain (167ms)
			TypeCache.Refresh (145ms)
				TypeCache.ScanAssembly (132ms)
			ScanForSourceGeneratedMonoScriptInfo (17ms)
			ResolveRequiredComponents (4ms)
	FinalizeReload (649ms)
		ReleaseScriptCaches (0ms)
		RebuildScriptCaches (0ms)
		SetupLoadedEditorAssemblies (512ms)
			LogAssemblyErrors (0ms)
			InitializePlatformSupportModulesInManaged (6ms)
			SetLoadedEditorAssemblies (4ms)
			RefreshPlugins (0ms)
			BeforeProcessingInitializeOnLoad (57ms)
			ProcessInitializeOnLoadAttributes (403ms)
			ProcessInitializeOnLoadMethodAttributes (28ms)
			AfterProcessingInitializeOnLoad (14ms)
			EditorAssembliesLoaded (0ms)
		ExecutionOrderSort2 (0ms)
		AwakeInstancesAfterBackupRestoration (11ms)
Launched and connected shader compiler UnityShaderCompiler.exe after 0.07 seconds
Refreshing native plugins compatible for Editor in 8.38 ms, found 3 plugins.
Preloading 0 native plugins for Editor in 0.00 ms.
Unloading 3196 Unused Serialized files (Serialized files now loaded: 0)
Unloading 19 unused Assets / (54.5 KB). Loaded Objects now: 3667.
Memory consumption went from 132.6 MB to 132.6 MB.
Total: 4.198500 ms (FindLiveObjects: 0.184600 ms CreateObjectMapping: 0.085200 ms MarkObjects: 3.835800 ms  DeleteObjects: 0.091900 ms)

AssetImportParameters requested are different than current active one (requested -> active):
  custom:container-demuxer-ogg: 62fdf1f143b41e24485cea50d1cbac27 -> 
  custom:video-codec-MediaFoundation-h265: 746d11721c4dcdbdad8f713fa42b33f4 -> 
  custom:video-decoder-ogg-theora: a1e56fd34408186e4bbccfd4996cb3dc -> 
  custom:framework-win-MediaFoundation: 216162199b28c13a410421893ffa2e32 -> 
  custom:CustomObjectIndexerAttribute: 9a22284fe3817be447336de3de66b15e -> 
  custom:container-demuxer-webm: 4f35f7cbe854078d1ac9338744f61a02 -> 
  custom:container-muxer-webm: aa71ff27fc2769a1b78a27578f13a17b -> 
  custom:video-decoder-webm-vp8: 9c59270c3fd7afecdb556c50c9e8de78 -> 
  custom:SearchIndexIgnoredProperties: e643bd26f0fe6173181afceb89e7c659 -> 
  custom:AudioImporter_EditorPlatform: d09bf68614088b80899f8185d706f6e7 -> 
  custom:video-encoder-webm-vp8: eb34c28f22e8b96e1ab97ce403110664 -> 
  custom:audio-decoder-ogg-vorbis: bf7c407c2cedff20999df2af8eb42d56 -> 
  custom:audio-encoder-webm-vorbis: bf7c407c2cedff20999df2af8eb42d56 -> 
========================================================================
Received Import Request.
  Time since last request: 140804.212173 seconds.
  path: Assets/DenysAlmaral/CityPeople-FREE/Prefabs/police_Female_A.prefab
  artifactKey: Guid(f0ac6fb9ada49f24683e3eca20786103) Importer(815301076,1909f56bfc062723c751e8b465ee728b)
Start importing Assets/DenysAlmaral/CityPeople-FREE/Prefabs/police_Female_A.prefab using Guid(f0ac6fb9ada49f24683e3eca20786103) Importer(815301076,1909f56bfc062723c751e8b465ee728b) [PhysX] Initialized MultithreadedTaskDispatcher with 20 workers.
[PhysX] Initialized MultithreadedTaskDispatcher with 20 workers.
 -> (artifact id: '03b5b4af8e5d2defef8f8155798fc296') in 0.178684 seconds
Number of updated asset objects reloaded before import = 0
Number of asset objects unloaded after import = 86
========================================================================
Received Import Request.
  Time since last request: 6.521954 seconds.
  path: Assets/Scripts/PlayerController.cs
  artifactKey: Guid(f3fde08ddf492bf42b565eec07a4ea57) Importer(815301076,1909f56bfc062723c751e8b465ee728b)
Start importing Assets/Scripts/PlayerController.cs using Guid(f3fde08ddf492bf42b565eec07a4ea57) Importer(815301076,1909f56bfc062723c751e8b465ee728b) [PhysX] Initialized MultithreadedTaskDispatcher with 20 workers.
 -> (artifact id: '8d84c2455b0f63c8c769368915a2a8f6') in 0.005089 seconds
Number of updated asset objects reloaded before import = 0
Number of asset objects unloaded after import = 0
========================================================================
Received Prepare
Caller must complete domain reload
Begin MonoManager ReloadAssembly
- Loaded All Assemblies, in  0.608 seconds
Native extension for WindowsStandalone target not found
Native extension for WebGL target not found
[Package Manager] Server::EnsureServerProcessIsRunning -- launch failed, reason: Unity was launched with the -noUpm command-line argument
[Package Manager] UpmClient::Send -- Unable to send message (not connected to UPM process).
[Package Manager] Cannot connect to Unity Package Manager local server
Mono: successfully reloaded assembly
- Finished resetting the current domain, in  1.195 seconds
Domain Reload Profiling: 1790ms
	BeginReloadAssembly (235ms)
		ExecutionOrderSort (0ms)
		DisableScriptedObjects (3ms)
		BackupInstance (0ms)
		ReleaseScriptingObjects (0ms)
		CreateAndSetChildDomain (36ms)
	RebuildCommonClasses (33ms)
	RebuildNativeTypeToScriptingClass (15ms)
	initialDomainReloadingComplete (47ms)
	LoadAllAssembliesAndSetupDomain (265ms)
		LoadAssemblies (400ms)
		RebuildTransferFunctionScriptingTraits (0ms)
		AnalyzeDomain (18ms)
			TypeCache.Refresh (8ms)
				TypeCache.ScanAssembly (1ms)
			ScanForSourceGeneratedMonoScriptInfo (5ms)
			ResolveRequiredComponents (4ms)
	FinalizeReload (1195ms)
		ReleaseScriptCaches (0ms)
		RebuildScriptCaches (0ms)
		SetupLoadedEditorAssemblies (422ms)
			LogAssemblyErrors (0ms)
			InitializePlatformSupportModulesInManaged (6ms)
			SetLoadedEditorAssemblies (4ms)
			RefreshPlugins (0ms)
			BeforeProcessingInitializeOnLoad (70ms)
			ProcessInitializeOnLoadAttributes (311ms)
			ProcessInitializeOnLoadMethodAttributes (17ms)
			AfterProcessingInitializeOnLoad (13ms)
			EditorAssembliesLoaded (0ms)
		ExecutionOrderSort2 (0ms)
		AwakeInstancesAfterBackupRestoration (10ms)
Refreshing native plugins compatible for Editor in 9.99 ms, found 3 plugins.
Preloading 0 native plugins for Editor in 0.00 ms.
Unloading 3174 Unused Serialized files (Serialized files now loaded: 0)
Unloading 14 unused Assets / (28.5 KB). Loaded Objects now: 3679.
Memory consumption went from 133.9 MB to 133.9 MB.
Total: 2.355800 ms (FindLiveObjects: 0.191400 ms CreateObjectMapping: 0.169600 ms MarkObjects: 1.961700 ms  DeleteObjects: 0.032200 ms)

Prepare: number of updated asset objects reloaded= 0
AssetImportParameters requested are different than current active one (requested -> active):
  custom:container-demuxer-ogg: 62fdf1f143b41e24485cea50d1cbac27 -> 
  custom:video-codec-MediaFoundation-h265: 746d11721c4dcdbdad8f713fa42b33f4 -> 
  custom:video-decoder-ogg-theora: a1e56fd34408186e4bbccfd4996cb3dc -> 
  custom:framework-win-MediaFoundation: 216162199b28c13a410421893ffa2e32 -> 
  custom:CustomObjectIndexerAttribute: 9a22284fe3817be447336de3de66b15e -> 
  custom:container-demuxer-webm: 4f35f7cbe854078d1ac9338744f61a02 -> 
  custom:container-muxer-webm: aa71ff27fc2769a1b78a27578f13a17b -> 
  custom:video-decoder-webm-vp8: 9c59270c3fd7afecdb556c50c9e8de78 -> 
  custom:SearchIndexIgnoredProperties: e643bd26f0fe6173181afceb89e7c659 -> 
  custom:AudioImporter_EditorPlatform: d09bf68614088b80899f8185d706f6e7 -> 
  custom:video-encoder-webm-vp8: eb34c28f22e8b96e1ab97ce403110664 -> 
  custom:audio-decoder-ogg-vorbis: bf7c407c2cedff20999df2af8eb42d56 -> 
  custom:audio-encoder-webm-vorbis: bf7c407c2cedff20999df2af8eb42d56 -> 
========================================================================
Received Prepare
Caller must complete domain reload
Begin MonoManager ReloadAssembly
- Loaded All Assemblies, in  0.421 seconds
Native extension for WindowsStandalone target not found
Native extension for WebGL target not found
[Package Manager] Server::EnsureServerProcessIsRunning -- launch failed, reason: Unity was launched with the -noUpm command-line argument
[Package Manager] UpmClient::Send -- Unable to send message (not connected to UPM process).
[Package Manager] Cannot connect to Unity Package Manager local server
Mono: successfully reloaded assembly
- Finished resetting the current domain, in  0.944 seconds
Domain Reload Profiling: 1359ms
	BeginReloadAssembly (152ms)
		ExecutionOrderSort (0ms)
		DisableScriptedObjects (3ms)
		BackupInstance (0ms)
		ReleaseScriptingObjects (0ms)
		CreateAndSetChildDomain (26ms)
	RebuildCommonClasses (28ms)
	RebuildNativeTypeToScriptingClass (7ms)
	initialDomainReloadingComplete (26ms)
	LoadAllAssembliesAndSetupDomain (201ms)
		LoadAssemblies (276ms)
		RebuildTransferFunctionScriptingTraits (0ms)
		AnalyzeDomain (16ms)
			TypeCache.Refresh (5ms)
				TypeCache.ScanAssembly (0ms)
			ScanForSourceGeneratedMonoScriptInfo (0ms)
			ResolveRequiredComponents (5ms)
	FinalizeReload (944ms)
		ReleaseScriptCaches (0ms)
		RebuildScriptCaches (0ms)
		SetupLoadedEditorAssemblies (365ms)
			LogAssemblyErrors (0ms)
			InitializePlatformSupportModulesInManaged (5ms)
			SetLoadedEditorAssemblies (4ms)
			RefreshPlugins (0ms)
			BeforeProcessingInitializeOnLoad (51ms)
			ProcessInitializeOnLoadAttributes (273ms)
			ProcessInitializeOnLoadMethodAttributes (17ms)
			AfterProcessingInitializeOnLoad (15ms)
			EditorAssembliesLoaded (0ms)
		ExecutionOrderSort2 (0ms)
		AwakeInstancesAfterBackupRestoration (6ms)
Refreshing native plugins compatible for Editor in 7.25 ms, found 3 plugins.
Preloading 0 native plugins for Editor in 0.00 ms.
Unloading 3175 Unused Serialized files (Serialized files now loaded: 0)
Unloading 14 unused Assets / (28.5 KB). Loaded Objects now: 3682.
Memory consumption went from 134.2 MB to 134.2 MB.
Total: 2.613300 ms (FindLiveObjects: 0.214400 ms CreateObjectMapping: 0.107100 ms MarkObjects: 2.254400 ms  DeleteObjects: 0.036500 ms)

Prepare: number of updated asset objects reloaded= 0
AssetImportParameters requested are different than current active one (requested -> active):
  custom:container-demuxer-ogg: 62fdf1f143b41e24485cea50d1cbac27 -> 
  custom:video-codec-MediaFoundation-h265: 746d11721c4dcdbdad8f713fa42b33f4 -> 
  custom:video-decoder-ogg-theora: a1e56fd34408186e4bbccfd4996cb3dc -> 
  custom:framework-win-MediaFoundation: 216162199b28c13a410421893ffa2e32 -> 
  custom:CustomObjectIndexerAttribute: 9a22284fe3817be447336de3de66b15e -> 
  custom:container-demuxer-webm: 4f35f7cbe854078d1ac9338744f61a02 -> 
  custom:container-muxer-webm: aa71ff27fc2769a1b78a27578f13a17b -> 
  custom:video-decoder-webm-vp8: 9c59270c3fd7afecdb556c50c9e8de78 -> 
  custom:SearchIndexIgnoredProperties: e643bd26f0fe6173181afceb89e7c659 -> 
  custom:AudioImporter_EditorPlatform: d09bf68614088b80899f8185d706f6e7 -> 
  custom:video-encoder-webm-vp8: eb34c28f22e8b96e1ab97ce403110664 -> 
  custom:audio-decoder-ogg-vorbis: bf7c407c2cedff20999df2af8eb42d56 -> 
  custom:audio-encoder-webm-vorbis: bf7c407c2cedff20999df2af8eb42d56 -> 
========================================================================
Received Prepare
Caller must complete domain reload
Begin MonoManager ReloadAssembly
- Loaded All Assemblies, in  0.564 seconds
Native extension for WindowsStandalone target not found
Native extension for WebGL target not found
[Package Manager] Server::EnsureServerProcessIsRunning -- launch failed, reason: Unity was launched with the -noUpm command-line argument
[Package Manager] UpmClient::Send -- Unable to send message (not connected to UPM process).
[Package Manager] Cannot connect to Unity Package Manager local server
Mono: successfully reloaded assembly
- Finished resetting the current domain, in  1.104 seconds
Domain Reload Profiling: 1658ms
	BeginReloadAssembly (207ms)
		ExecutionOrderSort (0ms)
		DisableScriptedObjects (4ms)
		BackupInstance (0ms)
		ReleaseScriptingObjects (0ms)
		CreateAndSetChildDomain (31ms)
	RebuildCommonClasses (34ms)
	RebuildNativeTypeToScriptingClass (12ms)
	initialDomainReloadingComplete (47ms)
	LoadAllAssembliesAndSetupDomain (254ms)
		LoadAssemblies (362ms)
		RebuildTransferFunctionScriptingTraits (0ms)
		AnalyzeDomain (22ms)
			TypeCache.Refresh (9ms)
				TypeCache.ScanAssembly (1ms)
			ScanForSourceGeneratedMonoScriptInfo (7ms)
			ResolveRequiredComponents (5ms)
	FinalizeReload (1104ms)
		ReleaseScriptCaches (0ms)
		RebuildScriptCaches (0ms)
		SetupLoadedEditorAssemblies (401ms)
			LogAssemblyErrors (0ms)
			InitializePlatformSupportModulesInManaged (6ms)
			SetLoadedEditorAssemblies (4ms)
			RefreshPlugins (0ms)
			BeforeProcessingInitializeOnLoad (59ms)
			ProcessInitializeOnLoadAttributes (301ms)
			ProcessInitializeOnLoadMethodAttributes (17ms)
			AfterProcessingInitializeOnLoad (14ms)
			EditorAssembliesLoaded (0ms)
		ExecutionOrderSort2 (0ms)
		AwakeInstancesAfterBackupRestoration (8ms)
Refreshing native plugins compatible for Editor in 5.52 ms, found 3 plugins.
Preloading 0 native plugins for Editor in 0.00 ms.
Unloading 3175 Unused Serialized files (Serialized files now loaded: 0)
Unloading 14 unused Assets / (28.6 KB). Loaded Objects now: 3685.
Memory consumption went from 134.2 MB to 134.2 MB.
Total: 2.363600 ms (FindLiveObjects: 0.169100 ms CreateObjectMapping: 0.075600 ms MarkObjects: 2.076200 ms  DeleteObjects: 0.041600 ms)

Prepare: number of updated asset objects reloaded= 0
AssetImportParameters requested are different than current active one (requested -> active):
  custom:container-demuxer-ogg: 62fdf1f143b41e24485cea50d1cbac27 -> 
  custom:video-codec-MediaFoundation-h265: 746d11721c4dcdbdad8f713fa42b33f4 -> 
  custom:video-decoder-ogg-theora: a1e56fd34408186e4bbccfd4996cb3dc -> 
  custom:framework-win-MediaFoundation: 216162199b28c13a410421893ffa2e32 -> 
  custom:CustomObjectIndexerAttribute: 9a22284fe3817be447336de3de66b15e -> 
  custom:container-demuxer-webm: 4f35f7cbe854078d1ac9338744f61a02 -> 
  custom:container-muxer-webm: aa71ff27fc2769a1b78a27578f13a17b -> 
  custom:video-decoder-webm-vp8: 9c59270c3fd7afecdb556c50c9e8de78 -> 
  custom:SearchIndexIgnoredProperties: e643bd26f0fe6173181afceb89e7c659 -> 
  custom:AudioImporter_EditorPlatform: d09bf68614088b80899f8185d706f6e7 -> 
  custom:video-encoder-webm-vp8: eb34c28f22e8b96e1ab97ce403110664 -> 
  custom:audio-decoder-ogg-vorbis: bf7c407c2cedff20999df2af8eb42d56 -> 
  custom:audio-encoder-webm-vorbis: bf7c407c2cedff20999df2af8eb42d56 -> 
========================================================================
Received Prepare
Caller must complete domain reload
Begin MonoManager ReloadAssembly
- Loaded All Assemblies, in  0.427 seconds
Native extension for WindowsStandalone target not found
Native extension for WebGL target not found
[Package Manager] Server::EnsureServerProcessIsRunning -- launch failed, reason: Unity was launched with the -noUpm command-line argument
[Package Manager] UpmClient::Send -- Unable to send message (not connected to UPM process).
[Package Manager] Cannot connect to Unity Package Manager local server
Mono: successfully reloaded assembly
- Finished resetting the current domain, in  0.942 seconds
Domain Reload Profiling: 1362ms
	BeginReloadAssembly (160ms)
		ExecutionOrderSort (0ms)
		DisableScriptedObjects (5ms)
		BackupInstance (0ms)
		ReleaseScriptingObjects (0ms)
		CreateAndSetChildDomain (25ms)
	RebuildCommonClasses (26ms)
	RebuildNativeTypeToScriptingClass (8ms)
	initialDomainReloadingComplete (32ms)
	LoadAllAssembliesAndSetupDomain (194ms)
		LoadAssemblies (281ms)
		RebuildTransferFunctionScriptingTraits (0ms)
		AnalyzeDomain (11ms)
			TypeCache.Refresh (6ms)
				TypeCache.ScanAssembly (0ms)
			ScanForSourceGeneratedMonoScriptInfo (0ms)
			ResolveRequiredComponents (4ms)
	FinalizeReload (942ms)
		ReleaseScriptCaches (0ms)
		RebuildScriptCaches (0ms)
		SetupLoadedEditorAssemblies (378ms)
			LogAssemblyErrors (0ms)
			InitializePlatformSupportModulesInManaged (7ms)
			SetLoadedEditorAssemblies (4ms)
			RefreshPlugins (0ms)
			BeforeProcessingInitializeOnLoad (53ms)
			ProcessInitializeOnLoadAttributes (287ms)
			ProcessInitializeOnLoadMethodAttributes (16ms)
			AfterProcessingInitializeOnLoad (11ms)
			EditorAssembliesLoaded (0ms)
		ExecutionOrderSort2 (0ms)
		AwakeInstancesAfterBackupRestoration (7ms)
Refreshing native plugins compatible for Editor in 7.25 ms, found 3 plugins.
Preloading 0 native plugins for Editor in 0.00 ms.
Unloading 3175 Unused Serialized files (Serialized files now loaded: 0)
Unloading 14 unused Assets / (28.5 KB). Loaded Objects now: 3688.
Memory consumption went from 134.2 MB to 134.2 MB.
Total: 3.023000 ms (FindLiveObjects: 0.173100 ms CreateObjectMapping: 0.079300 ms MarkObjects: 2.726300 ms  DeleteObjects: 0.043200 ms)

Prepare: number of updated asset objects reloaded= 0
AssetImportParameters requested are different than current active one (requested -> active):
  custom:container-demuxer-ogg: 62fdf1f143b41e24485cea50d1cbac27 -> 
  custom:video-codec-MediaFoundation-h265: 746d11721c4dcdbdad8f713fa42b33f4 -> 
  custom:video-decoder-ogg-theora: a1e56fd34408186e4bbccfd4996cb3dc -> 
  custom:framework-win-MediaFoundation: 216162199b28c13a410421893ffa2e32 -> 
  custom:CustomObjectIndexerAttribute: 9a22284fe3817be447336de3de66b15e -> 
  custom:container-demuxer-webm: 4f35f7cbe854078d1ac9338744f61a02 -> 
  custom:container-muxer-webm: aa71ff27fc2769a1b78a27578f13a17b -> 
  custom:video-decoder-webm-vp8: 9c59270c3fd7afecdb556c50c9e8de78 -> 
  custom:SearchIndexIgnoredProperties: e643bd26f0fe6173181afceb89e7c659 -> 
  custom:AudioImporter_EditorPlatform: d09bf68614088b80899f8185d706f6e7 -> 
  custom:video-encoder-webm-vp8: eb34c28f22e8b96e1ab97ce403110664 -> 
  custom:audio-decoder-ogg-vorbis: bf7c407c2cedff20999df2af8eb42d56 -> 
  custom:audio-encoder-webm-vorbis: bf7c407c2cedff20999df2af8eb42d56 -> 
========================================================================
Received Prepare
Caller must complete domain reload
Begin MonoManager ReloadAssembly
- Loaded All Assemblies, in  0.475 seconds
Native extension for WindowsStandalone target not found
Native extension for WebGL target not found
[Package Manager] Server::EnsureServerProcessIsRunning -- launch failed, reason: Unity was launched with the -noUpm command-line argument
[Package Manager] UpmClient::Send -- Unable to send message (not connected to UPM process).
[Package Manager] Cannot connect to Unity Package Manager local server
Mono: successfully reloaded assembly
- Finished resetting the current domain, in  1.040 seconds
Domain Reload Profiling: 1508ms
	BeginReloadAssembly (171ms)
		ExecutionOrderSort (0ms)
		DisableScriptedObjects (6ms)
		BackupInstance (0ms)
		ReleaseScriptingObjects (0ms)
		CreateAndSetChildDomain (29ms)
	RebuildCommonClasses (28ms)
	RebuildNativeTypeToScriptingClass (10ms)
	initialDomainReloadingComplete (37ms)
	LoadAllAssembliesAndSetupDomain (221ms)
		LoadAssemblies (302ms)
		RebuildTransferFunctionScriptingTraits (0ms)
		AnalyzeDomain (20ms)
			TypeCache.Refresh (9ms)
				TypeCache.ScanAssembly (1ms)
			ScanForSourceGeneratedMonoScriptInfo (6ms)
			ResolveRequiredComponents (4ms)
	FinalizeReload (1041ms)
		ReleaseScriptCaches (0ms)
		RebuildScriptCaches (0ms)
		SetupLoadedEditorAssemblies (392ms)
			LogAssemblyErrors (0ms)
			InitializePlatformSupportModulesInManaged (5ms)
			SetLoadedEditorAssemblies (3ms)
			RefreshPlugins (0ms)
			BeforeProcessingInitializeOnLoad (56ms)
			ProcessInitializeOnLoadAttributes (300ms)
			ProcessInitializeOnLoadMethodAttributes (14ms)
			AfterProcessingInitializeOnLoad (13ms)
			EditorAssembliesLoaded (0ms)
		ExecutionOrderSort2 (0ms)
		AwakeInstancesAfterBackupRestoration (6ms)
Refreshing native plugins compatible for Editor in 6.34 ms, found 3 plugins.
Preloading 0 native plugins for Editor in 0.00 ms.
Unloading 3175 Unused Serialized files (Serialized files now loaded: 0)
Unloading 14 unused Assets / (28.5 KB). Loaded Objects now: 3691.
Memory consumption went from 134.2 MB to 134.2 MB.
Total: 2.908600 ms (FindLiveObjects: 0.181900 ms CreateObjectMapping: 0.079400 ms MarkObjects: 2.605900 ms  DeleteObjects: 0.040200 ms)

Prepare: number of updated asset objects reloaded= 0
AssetImportParameters requested are different than current active one (requested -> active):
  custom:container-demuxer-ogg: 62fdf1f143b41e24485cea50d1cbac27 -> 
  custom:video-codec-MediaFoundation-h265: 746d11721c4dcdbdad8f713fa42b33f4 -> 
  custom:video-decoder-ogg-theora: a1e56fd34408186e4bbccfd4996cb3dc -> 
  custom:framework-win-MediaFoundation: 216162199b28c13a410421893ffa2e32 -> 
  custom:CustomObjectIndexerAttribute: 9a22284fe3817be447336de3de66b15e -> 
  custom:container-demuxer-webm: 4f35f7cbe854078d1ac9338744f61a02 -> 
  custom:container-muxer-webm: aa71ff27fc2769a1b78a27578f13a17b -> 
  custom:video-decoder-webm-vp8: 9c59270c3fd7afecdb556c50c9e8de78 -> 
  custom:SearchIndexIgnoredProperties: e643bd26f0fe6173181afceb89e7c659 -> 
  custom:AudioImporter_EditorPlatform: d09bf68614088b80899f8185d706f6e7 -> 
  custom:video-encoder-webm-vp8: eb34c28f22e8b96e1ab97ce403110664 -> 
  custom:audio-decoder-ogg-vorbis: bf7c407c2cedff20999df2af8eb42d56 -> 
  custom:audio-encoder-webm-vorbis: bf7c407c2cedff20999df2af8eb42d56 -> 
========================================================================
Received Import Request.
  Time since last request: 1068.172497 seconds.
  path: Assets/CS - Signs Free/Materials/Sign Backing.mat
  artifactKey: Guid(3b1eceb6bfe85c24c9add49ea4ceb70d) Importer(815301076,1909f56bfc062723c751e8b465ee728b)
Start importing Assets/CS - Signs Free/Materials/Sign Backing.mat using Guid(3b1eceb6bfe85c24c9add49ea4ceb70d) Importer(815301076,1909f56bfc062723c751e8b465ee728b) [PhysX] Initialized MultithreadedTaskDispatcher with 20 workers.
[PhysX] Initialized MultithreadedTaskDispatcher with 20 workers.
 -> (artifact id: 'be655c4493971bedfecec19d36d535ad') in 0.398132 seconds
Number of updated asset objects reloaded before import = 0
Number of asset objects unloaded after import = 3
========================================================================
Received Import Request.
  Time since last request: 0.000031 seconds.
  path: Assets/CS - Signs Free/Materials/Sign_Ramp_30_MPH.mat
  artifactKey: Guid(e8ed225807bd82e458a7d4607d05448a) Importer(815301076,1909f56bfc062723c751e8b465ee728b)
Start importing Assets/CS - Signs Free/Materials/Sign_Ramp_30_MPH.mat using Guid(e8ed225807bd82e458a7d4607d05448a) Importer(815301076,1909f56bfc062723c751e8b465ee728b) [PhysX] Initialized MultithreadedTaskDispatcher with 20 workers.
[PhysX] Initialized MultithreadedTaskDispatcher with 20 workers.
 -> (artifact id: '0147ad7df231de34b23f760aa9f455eb') in 0.127763 seconds
Number of updated asset objects reloaded before import = 0
Number of asset objects unloaded after import = 3
========================================================================
Received Import Request.
  Time since last request: 0.000029 seconds.
  path: Assets/CS - Signs Free/Materials/Sign_Right_Lane_Ends_2.mat
  artifactKey: Guid(6e3473d8757eb6f4d8b23a11031d3ad1) Importer(815301076,1909f56bfc062723c751e8b465ee728b)
Start importing Assets/CS - Signs Free/Materials/Sign_Right_Lane_Ends_2.mat using Guid(6e3473d8757eb6f4d8b23a11031d3ad1) Importer(815301076,1909f56bfc062723c751e8b465ee728b) [PhysX] Initialized MultithreadedTaskDispatcher with 20 workers.
[PhysX] Initialized MultithreadedTaskDispatcher with 20 workers.
 -> (artifact id: '5facc2bc9e78457df6b480ce2d83057c') in 0.239955 seconds
Number of updated asset objects reloaded before import = 0
Number of asset objects unloaded after import = 3
========================================================================
Received Import Request.
  Time since last request: 0.000063 seconds.
  path: Assets/CS - Signs Free/Materials/Sign_No_Right_Turn.mat
  artifactKey: Guid(8a75dc6d935789646895e5d7c43b4eda) Importer(815301076,1909f56bfc062723c751e8b465ee728b)
Start importing Assets/CS - Signs Free/Materials/Sign_No_Right_Turn.mat using Guid(8a75dc6d935789646895e5d7c43b4eda) Importer(815301076,1909f56bfc062723c751e8b465ee728b) [PhysX] Initialized MultithreadedTaskDispatcher with 20 workers.
[PhysX] Initialized MultithreadedTaskDispatcher with 20 workers.
 -> (artifact id: 'bfc7d82d2f4824fef234ab7d8936b927') in 0.022157 seconds
Number of updated asset objects reloaded before import = 0
Number of asset objects unloaded after import = 3
========================================================================
Received Import Request.
  Time since last request: 0.000033 seconds.
  path: Assets/CS - Signs Free/Materials/Sign_Added_Lane.mat
  artifactKey: Guid(7e4b3a0e5a7371545b948f768dc7cdb4) Importer(815301076,1909f56bfc062723c751e8b465ee728b)
Start importing Assets/CS - Signs Free/Materials/Sign_Added_Lane.mat using Guid(7e4b3a0e5a7371545b948f768dc7cdb4) Importer(815301076,1909f56bfc062723c751e8b465ee728b) [PhysX] Initialized MultithreadedTaskDispatcher with 20 workers.
[PhysX] Initialized MultithreadedTaskDispatcher with 20 workers.
 -> (artifact id: '889e443fd5eacbb91f112935bcd61851') in 0.022116 seconds
Number of updated asset objects reloaded before import = 0
Number of asset objects unloaded after import = 3
========================================================================
Received Import Request.
  Time since last request: 0.000028 seconds.
  path: Assets/CS - Signs Free/Materials/Sign_2_Way_Street.mat
  artifactKey: Guid(7583cd767586418479f63c34fdc629ec) Importer(815301076,1909f56bfc062723c751e8b465ee728b)
Start importing Assets/CS - Signs Free/Materials/Sign_2_Way_Street.mat using Guid(7583cd767586418479f63c34fdc629ec) Importer(815301076,1909f56bfc062723c751e8b465ee728b) [PhysX] Initialized MultithreadedTaskDispatcher with 20 workers.
[PhysX] Initialized MultithreadedTaskDispatcher with 20 workers.
 -> (artifact id: '3f0141b271a9420e9ffc5378741b42a2') in 0.020579 seconds
Number of updated asset objects reloaded before import = 0
Number of asset objects unloaded after import = 3
========================================================================
Received Import Request.
  Time since last request: 0.000025 seconds.
  path: Assets/CS - Signs Free/Materials/Sign_Sharp_RL.mat
  artifactKey: Guid(032be342c62a580488030c65df810006) Importer(815301076,1909f56bfc062723c751e8b465ee728b)
Start importing Assets/CS - Signs Free/Materials/Sign_Sharp_RL.mat using Guid(032be342c62a580488030c65df810006) Importer(815301076,1909f56bfc062723c751e8b465ee728b) [PhysX] Initialized MultithreadedTaskDispatcher with 20 workers.
[PhysX] Initialized MultithreadedTaskDispatcher with 20 workers.
 -> (artifact id: 'de95b2ebdef5001f2aba7cd2d7058a71') in 0.020377 seconds
Number of updated asset objects reloaded before import = 0
Number of asset objects unloaded after import = 3
========================================================================
Received Import Request.
  Time since last request: 0.000023 seconds.
  path: Assets/CS - Signs Free/Materials/Sign_Crossroad.mat
  artifactKey: Guid(13475b9445c488a43a0f698e6d3e7547) Importer(815301076,1909f56bfc062723c751e8b465ee728b)
Start importing Assets/CS - Signs Free/Materials/Sign_Crossroad.mat using Guid(13475b9445c488a43a0f698e6d3e7547) Importer(815301076,1909f56bfc062723c751e8b465ee728b) [PhysX] Initialized MultithreadedTaskDispatcher with 20 workers.
[PhysX] Initialized MultithreadedTaskDispatcher with 20 workers.
 -> (artifact id: '7cf276d2e8e8a8bc5c97c589ceb3e4ba') in 0.021476 seconds
Number of updated asset objects reloaded before import = 0
Number of asset objects unloaded after import = 3
========================================================================
Received Import Request.
  Time since last request: 0.000018 seconds.
  path: Assets/CS - Signs Free/Models/Sign Post 1.fbx
  artifactKey: Guid(6c54a41495e09404d9a42ac0af8d6174) Importer(815301076,1909f56bfc062723c751e8b465ee728b)
Start importing Assets/CS - Signs Free/Models/Sign Post 1.fbx using Guid(6c54a41495e09404d9a42ac0af8d6174) Importer(815301076,1909f56bfc062723c751e8b465ee728b) [PhysX] Initialized MultithreadedTaskDispatcher with 20 workers.
[PhysX] Initialized MultithreadedTaskDispatcher with 20 workers.
[PhysX] Initialized MultithreadedTaskDispatcher with 20 workers.
[PhysX] Initialized MultithreadedTaskDispatcher with 20 workers.
 -> (artifact id: '929243937864520a1f2e04ae0201229e') in 0.053066 seconds
Number of updated asset objects reloaded before import = 0
Number of asset objects unloaded after import = 15
========================================================================
Received Import Request.
  Time since last request: 0.000040 seconds.
  path: Assets/CS - Signs Free/Materials/Sign_Right_Turn_Only.mat
  artifactKey: Guid(6efd8800ee20fc04d942f601fe5883b9) Importer(815301076,1909f56bfc062723c751e8b465ee728b)
Start importing Assets/CS - Signs Free/Materials/Sign_Right_Turn_Only.mat using Guid(6efd8800ee20fc04d942f601fe5883b9) Importer(815301076,1909f56bfc062723c751e8b465ee728b) [PhysX] Initialized MultithreadedTaskDispatcher with 20 workers.
[PhysX] Initialized MultithreadedTaskDispatcher with 20 workers.
 -> (artifact id: 'e6f755b94a4c255509152d0cda24bb52') in 0.027283 seconds
Number of updated asset objects reloaded before import = 0
Number of asset objects unloaded after import = 3
========================================================================
Received Import Request.
  Time since last request: 0.000026 seconds.
  path: Assets/CS - Signs Free/Materials/Sign_Freeway_Exit.mat
  artifactKey: Guid(b50abaeaa2166ab499e525f6104d4ef8) Importer(815301076,1909f56bfc062723c751e8b465ee728b)
Start importing Assets/CS - Signs Free/Materials/Sign_Freeway_Exit.mat using Guid(b50abaeaa2166ab499e525f6104d4ef8) Importer(815301076,1909f56bfc062723c751e8b465ee728b) [PhysX] Initialized MultithreadedTaskDispatcher with 20 workers.
[PhysX] Initialized MultithreadedTaskDispatcher with 20 workers.
 -> (artifact id: '0a3d7f08929c06cce4804b50f75f2ea6') in 0.024084 seconds
Number of updated asset objects reloaded before import = 0
Number of asset objects unloaded after import = 3
========================================================================
Received Import Request.
  Time since last request: 0.000028 seconds.
  path: Assets/CS - Signs Free/Materials/Sign_Do_Not_Enter.mat
  artifactKey: Guid(ce77ea75c5d9e404eaca8e4be6a49410) Importer(815301076,1909f56bfc062723c751e8b465ee728b)
Start importing Assets/CS - Signs Free/Materials/Sign_Do_Not_Enter.mat using Guid(ce77ea75c5d9e404eaca8e4be6a49410) Importer(815301076,1909f56bfc062723c751e8b465ee728b) [PhysX] Initialized MultithreadedTaskDispatcher with 20 workers.
[PhysX] Initialized MultithreadedTaskDispatcher with 20 workers.
 -> (artifact id: '79b033b45e2485418febe61a89299d7c') in 0.019721 seconds
Number of updated asset objects reloaded before import = 0
Number of asset objects unloaded after import = 3
========================================================================
Received Import Request.
  Time since last request: 0.000027 seconds.
  path: Assets/CS - Signs Free/Models/Sign Post 2.fbx
  artifactKey: Guid(4f5e4c799d600804f8460ae78f16fdb0) Importer(815301076,1909f56bfc062723c751e8b465ee728b)
Start importing Assets/CS - Signs Free/Models/Sign Post 2.fbx using Guid(4f5e4c799d600804f8460ae78f16fdb0) Importer(815301076,1909f56bfc062723c751e8b465ee728b) [PhysX] Initialized MultithreadedTaskDispatcher with 20 workers.
[PhysX] Initialized MultithreadedTaskDispatcher with 20 workers.
[PhysX] Initialized MultithreadedTaskDispatcher with 20 workers.
 -> (artifact id: '8e4ada2324a39543f206c33566121f41') in 0.021459 seconds
Number of updated asset objects reloaded before import = 0
Number of asset objects unloaded after import = 9
========================================================================
Received Import Request.
  Time since last request: 0.000039 seconds.
  path: Assets/CS - Signs Free/Materials/Sign_Roundabout_Chevron_3.mat
  artifactKey: Guid(1041edb7d1bb70d4f91d487eef25c981) Importer(815301076,1909f56bfc062723c751e8b465ee728b)
Start importing Assets/CS - Signs Free/Materials/Sign_Roundabout_Chevron_3.mat using Guid(1041edb7d1bb70d4f91d487eef25c981) Importer(815301076,1909f56bfc062723c751e8b465ee728b) [PhysX] Initialized MultithreadedTaskDispatcher with 20 workers.
[PhysX] Initialized MultithreadedTaskDispatcher with 20 workers.
 -> (artifact id: '15008a2e005c86c10436b9c0ac83b8b7') in 0.020607 seconds
Number of updated asset objects reloaded before import = 0
Number of asset objects unloaded after import = 3
========================================================================
Received Import Request.
  Time since last request: 0.000017 seconds.
  path: Assets/CS - Signs Free/Models/Sign Backing.fbx
  artifactKey: Guid(bf0e0b8fe71c14448a21fb3412beb3f9) Importer(815301076,1909f56bfc062723c751e8b465ee728b)
Start importing Assets/CS - Signs Free/Models/Sign Backing.fbx using Guid(bf0e0b8fe71c14448a21fb3412beb3f9) Importer(815301076,1909f56bfc062723c751e8b465ee728b) [PhysX] Initialized MultithreadedTaskDispatcher with 20 workers.
[PhysX] Initialized MultithreadedTaskDispatcher with 20 workers.
[PhysX] Initialized MultithreadedTaskDispatcher with 20 workers.
[PhysX] Initialized MultithreadedTaskDispatcher with 20 workers.
[PhysX] Initialized MultithreadedTaskDispatcher with 20 workers.
[PhysX] Initialized MultithreadedTaskDispatcher with 20 workers.
[PhysX] Initialized MultithreadedTaskDispatcher with 20 workers.
[PhysX] Initialized MultithreadedTaskDispatcher with 20 workers.
[PhysX] Initialized MultithreadedTaskDispatcher with 20 workers.
[PhysX] Initialized MultithreadedTaskDispatcher with 20 workers.
[PhysX] Initialized MultithreadedTaskDispatcher with 20 workers.
[PhysX] Initialized MultithreadedTaskDispatcher with 20 workers.
 -> (artifact id: 'a84513cc73be144453178bbd85a8521a') in 0.052064 seconds
Number of updated asset objects reloaded before import = 0
Number of asset objects unloaded after import = 39
========================================================================
Received Import Request.
  Time since last request: 0.000021 seconds.
  path: Assets/CS - Signs Free/Materials/Sign_Hill.mat
  artifactKey: Guid(ce8614cfa2f966844bda81f659d4d7be) Importer(815301076,1909f56bfc062723c751e8b465ee728b)
Start importing Assets/CS - Signs Free/Materials/Sign_Hill.mat using Guid(ce8614cfa2f966844bda81f659d4d7be) Importer(815301076,1909f56bfc062723c751e8b465ee728b) [PhysX] Initialized MultithreadedTaskDispatcher with 20 workers.
[PhysX] Initialized MultithreadedTaskDispatcher with 20 workers.
 -> (artifact id: '0734ecf41850d00efec39a0a6dec5775') in 0.019987 seconds
Number of updated asset objects reloaded before import = 0
Number of asset objects unloaded after import = 3
========================================================================
Received Import Request.
  Time since last request: 0.000020 seconds.
  path: Assets/CS - Signs Free/Materials/Sign_No_U_Turn.mat
  artifactKey: Guid(6d67ceead3facc1429660a752932ac21) Importer(815301076,1909f56bfc062723c751e8b465ee728b)
Start importing Assets/CS - Signs Free/Materials/Sign_No_U_Turn.mat using Guid(6d67ceead3facc1429660a752932ac21) Importer(815301076,1909f56bfc062723c751e8b465ee728b) [PhysX] Initialized MultithreadedTaskDispatcher with 20 workers.
[PhysX] Initialized MultithreadedTaskDispatcher with 20 workers.
 -> (artifact id: 'df932ad68bfa33dc3b4e29b718bffee7') in 0.020589 seconds
Number of updated asset objects reloaded before import = 0
Number of asset objects unloaded after import = 3
========================================================================
Received Import Request.
  Time since last request: 0.000029 seconds.
  path: Assets/CS - Signs Free/Materials/Sign_Forward_or_Right.mat
  artifactKey: Guid(3ab64acc2dfb81d468735632d8d15116) Importer(815301076,1909f56bfc062723c751e8b465ee728b)
Start importing Assets/CS - Signs Free/Materials/Sign_Forward_or_Right.mat using Guid(3ab64acc2dfb81d468735632d8d15116) Importer(815301076,1909f56bfc062723c751e8b465ee728b) [PhysX] Initialized MultithreadedTaskDispatcher with 20 workers.
[PhysX] Initialized MultithreadedTaskDispatcher with 20 workers.
 -> (artifact id: 'fbb4fca30c02925c358d88211bd69016') in 0.020529 seconds
Number of updated asset objects reloaded before import = 0
Number of asset objects unloaded after import = 3
========================================================================
Received Import Request.
  Time since last request: 0.000023 seconds.
  path: Assets/CS - Signs Free/Materials/Sign_Slight_Right.mat
  artifactKey: Guid(ba58422adeaa41945bead035fdaa9529) Importer(815301076,1909f56bfc062723c751e8b465ee728b)
Start importing Assets/CS - Signs Free/Materials/Sign_Slight_Right.mat using Guid(ba58422adeaa41945bead035fdaa9529) Importer(815301076,1909f56bfc062723c751e8b465ee728b) [PhysX] Initialized MultithreadedTaskDispatcher with 20 workers.
[PhysX] Initialized MultithreadedTaskDispatcher with 20 workers.
 -> (artifact id: 'd5bc00ad3381014fb43056866b3beb88') in 0.018717 seconds
Number of updated asset objects reloaded before import = 0
Number of asset objects unloaded after import = 3
========================================================================
Received Import Request.
  Time since last request: 0.000025 seconds.
  path: Assets/CS - Signs Free/Materials/Sign_Keep_Right.mat
  artifactKey: Guid(821ed55c2aa93824480ae40431ba0179) Importer(815301076,1909f56bfc062723c751e8b465ee728b)
Start importing Assets/CS - Signs Free/Materials/Sign_Keep_Right.mat using Guid(821ed55c2aa93824480ae40431ba0179) Importer(815301076,1909f56bfc062723c751e8b465ee728b) [PhysX] Initialized MultithreadedTaskDispatcher with 20 workers.
[PhysX] Initialized MultithreadedTaskDispatcher with 20 workers.
 -> (artifact id: '86d83663f70fb2dafd6d1cfbeca8c2f9') in 0.025755 seconds
Number of updated asset objects reloaded before import = 0
Number of asset objects unloaded after import = 3
========================================================================
Received Import Request.
  Time since last request: 0.000021 seconds.
  path: Assets/CS - Signs Free/Materials/Sign_Left_Turn_Yield_On_Green.mat
  artifactKey: Guid(f9e73825d51f5f540b88016e271eb37f) Importer(815301076,1909f56bfc062723c751e8b465ee728b)
Start importing Assets/CS - Signs Free/Materials/Sign_Left_Turn_Yield_On_Green.mat using Guid(f9e73825d51f5f540b88016e271eb37f) Importer(815301076,1909f56bfc062723c751e8b465ee728b) [PhysX] Initialized MultithreadedTaskDispatcher with 20 workers.
[PhysX] Initialized MultithreadedTaskDispatcher with 20 workers.
 -> (artifact id: '6c8c87165c3cb471e40c02b418b9274b') in 0.021365 seconds
Number of updated asset objects reloaded before import = 0
Number of asset objects unloaded after import = 3
========================================================================
Received Import Request.
  Time since last request: 0.000024 seconds.
  path: Assets/CS - Signs Free/Materials/Sign_Multilane_Use_8.mat
  artifactKey: Guid(689b9ec66c2115143848705e4222d2f0) Importer(815301076,1909f56bfc062723c751e8b465ee728b)
Start importing Assets/CS - Signs Free/Materials/Sign_Multilane_Use_8.mat using Guid(689b9ec66c2115143848705e4222d2f0) Importer(815301076,1909f56bfc062723c751e8b465ee728b) [PhysX] Initialized MultithreadedTaskDispatcher with 20 workers.
[PhysX] Initialized MultithreadedTaskDispatcher with 20 workers.
 -> (artifact id: '1db0c600923749b539d38d95dd86c213') in 0.040414 seconds
Number of updated asset objects reloaded before import = 0
Number of asset objects unloaded after import = 3
========================================================================
Received Import Request.
  Time since last request: 0.000031 seconds.
  path: Assets/CS - Signs Free/Models/Sign Backing Tri.fbx
  artifactKey: Guid(c7d85bb9bb9576c4eabef9e0d235f702) Importer(815301076,1909f56bfc062723c751e8b465ee728b)
Start importing Assets/CS - Signs Free/Models/Sign Backing Tri.fbx using Guid(c7d85bb9bb9576c4eabef9e0d235f702) Importer(815301076,1909f56bfc062723c751e8b465ee728b) [PhysX] Initialized MultithreadedTaskDispatcher with 20 workers.
[PhysX] Initialized MultithreadedTaskDispatcher with 20 workers.
[PhysX] Initialized MultithreadedTaskDispatcher with 20 workers.
[PhysX] Initialized MultithreadedTaskDispatcher with 20 workers.
[PhysX] Initialized MultithreadedTaskDispatcher with 20 workers.
[PhysX] Initialized MultithreadedTaskDispatcher with 20 workers.
[PhysX] Initialized MultithreadedTaskDispatcher with 20 workers.
[PhysX] Initialized MultithreadedTaskDispatcher with 20 workers.
[PhysX] Initialized MultithreadedTaskDispatcher with 20 workers.
[PhysX] Initialized MultithreadedTaskDispatcher with 20 workers.
 -> (artifact id: 'afdfbe93af52440c179355035850f195') in 0.041937 seconds
Number of updated asset objects reloaded before import = 0
Number of asset objects unloaded after import = 25
========================================================================
Received Import Request.
  Time since last request: 2.333581 seconds.
  path: Assets/CS - Signs Free/Textures/Sign Backing.png
  artifactKey: Guid(7ac9ba4feda784045b8b80b4f476669e) Importer(815301076,1909f56bfc062723c751e8b465ee728b)
Start importing Assets/CS - Signs Free/Textures/Sign Backing.png using Guid(7ac9ba4feda784045b8b80b4f476669e) Importer(815301076,1909f56bfc062723c751e8b465ee728b) [PhysX] Initialized MultithreadedTaskDispatcher with 20 workers.
[PhysX] Initialized MultithreadedTaskDispatcher with 20 workers.
 -> (artifact id: '5683b859bcccddfcd8d1d9c3d0899723') in 0.031597 seconds
Number of updated asset objects reloaded before import = 0
Number of asset objects unloaded after import = 3
========================================================================
Received Import Request.
  Time since last request: 0.000049 seconds.
  path: Assets/CS - Signs Free/Textures/Sign_Crossroad.png
  artifactKey: Guid(f7ed165a130cfff4c84fe83fcf6127ab) Importer(815301076,1909f56bfc062723c751e8b465ee728b)
Start importing Assets/CS - Signs Free/Textures/Sign_Crossroad.png using Guid(f7ed165a130cfff4c84fe83fcf6127ab) Importer(815301076,1909f56bfc062723c751e8b465ee728b) [PhysX] Initialized MultithreadedTaskDispatcher with 20 workers.
[PhysX] Initialized MultithreadedTaskDispatcher with 20 workers.
 -> (artifact id: '834c436dd22383308fe8fe672924b3da') in 0.019862 seconds
Number of updated asset objects reloaded before import = 0
Number of asset objects unloaded after import = 3
========================================================================
Received Import Request.
  Time since last request: 0.000018 seconds.
  path: Assets/CS - Signs Free/Textures/Sign_RL.png
  artifactKey: Guid(31d43e0fe257f174dbe9db2557844781) Importer(815301076,1909f56bfc062723c751e8b465ee728b)
Start importing Assets/CS - Signs Free/Textures/Sign_RL.png using Guid(31d43e0fe257f174dbe9db2557844781) Importer(815301076,1909f56bfc062723c751e8b465ee728b) [PhysX] Initialized MultithreadedTaskDispatcher with 20 workers.
[PhysX] Initialized MultithreadedTaskDispatcher with 20 workers.
 -> (artifact id: '98c5b05f432d03ec466ca941bd800572') in 0.018311 seconds
Number of updated asset objects reloaded before import = 0
Number of asset objects unloaded after import = 3
========================================================================
Received Import Request.
  Time since last request: 0.000108 seconds.
  path: Assets/CS - Signs Free/Textures/Sign_Chevron.png
  artifactKey: Guid(bc5b626e67ce2554c82176b1e303bb48) Importer(815301076,1909f56bfc062723c751e8b465ee728b)
Start importing Assets/CS - Signs Free/Textures/Sign_Chevron.png using Guid(bc5b626e67ce2554c82176b1e303bb48) Importer(815301076,1909f56bfc062723c751e8b465ee728b) [PhysX] Initialized MultithreadedTaskDispatcher with 20 workers.
[PhysX] Initialized MultithreadedTaskDispatcher with 20 workers.
 -> (artifact id: 'c336ffa5ebe13abe768fffbdedcf1ac9') in 0.015872 seconds
Number of updated asset objects reloaded before import = 0
Number of asset objects unloaded after import = 3
========================================================================
Received Import Request.
  Time since last request: 0.000021 seconds.
  path: Assets/CS - Signs Free/Textures/Sign_Right_Turn_Only.png
  artifactKey: Guid(5d95e70f262d74440a70d23897160c45) Importer(815301076,1909f56bfc062723c751e8b465ee728b)
Start importing Assets/CS - Signs Free/Textures/Sign_Right_Turn_Only.png using Guid(5d95e70f262d74440a70d23897160c45) Importer(815301076,1909f56bfc062723c751e8b465ee728b) [PhysX] Initialized MultithreadedTaskDispatcher with 20 workers.
[PhysX] Initialized MultithreadedTaskDispatcher with 20 workers.
 -> (artifact id: '2a5ce02c5604c0a83352a7a633b9fde0') in 0.017924 seconds
Number of updated asset objects reloaded before import = 0
Number of asset objects unloaded after import = 3
========================================================================
Received Import Request.
  Time since last request: 0.000027 seconds.
  path: Assets/CS - Signs Free/Textures/Sign_Freeway_Exit_L.png
  artifactKey: Guid(91c76fd8f46d916468b0e5d1082e477f) Importer(815301076,1909f56bfc062723c751e8b465ee728b)
Start importing Assets/CS - Signs Free/Textures/Sign_Freeway_Exit_L.png using Guid(91c76fd8f46d916468b0e5d1082e477f) Importer(815301076,1909f56bfc062723c751e8b465ee728b) [PhysX] Initialized MultithreadedTaskDispatcher with 20 workers.
[PhysX] Initialized MultithreadedTaskDispatcher with 20 workers.
 -> (artifact id: '2e2ea233527505203e01a6d8256a36b1') in 0.019929 seconds
Number of updated asset objects reloaded before import = 0
Number of asset objects unloaded after import = 3
========================================================================
Received Import Request.
  Time since last request: 0.000022 seconds.
  path: Assets/CS - Signs Free/Textures/Sign_Ramp_30_MPH.png
  artifactKey: Guid(01aa67e01603fbf478d348e6680edfe0) Importer(815301076,1909f56bfc062723c751e8b465ee728b)
Start importing Assets/CS - Signs Free/Textures/Sign_Ramp_30_MPH.png using Guid(01aa67e01603fbf478d348e6680edfe0) Importer(815301076,1909f56bfc062723c751e8b465ee728b) [PhysX] Initialized MultithreadedTaskDispatcher with 20 workers.
[PhysX] Initialized MultithreadedTaskDispatcher with 20 workers.
 -> (artifact id: '3e6de6f730de04cce832aa23bd5bce5c') in 0.019106 seconds
Number of updated asset objects reloaded before import = 0
Number of asset objects unloaded after import = 3
========================================================================
Received Import Request.
  Time since last request: 0.000024 seconds.
  path: Assets/CS - Signs Free/Textures/Sign_Sharp_RL.png
  artifactKey: Guid(92bd29f524332e6459040feeafceebbd) Importer(815301076,1909f56bfc062723c751e8b465ee728b)
Start importing Assets/CS - Signs Free/Textures/Sign_Sharp_RL.png using Guid(92bd29f524332e6459040feeafceebbd) Importer(815301076,1909f56bfc062723c751e8b465ee728b) [PhysX] Initialized MultithreadedTaskDispatcher with 20 workers.
[PhysX] Initialized MultithreadedTaskDispatcher with 20 workers.
 -> (artifact id: '7f0ceeccc4fb23aa931a411868b55940') in 0.017662 seconds
Number of updated asset objects reloaded before import = 0
Number of asset objects unloaded after import = 3
========================================================================
Received Import Request.
  Time since last request: 0.000025 seconds.
  path: Assets/CS - Signs Free/Textures/Sign_Dead_End.png
  artifactKey: Guid(8b53f9243a851e5458f97f36e312ab73) Importer(815301076,1909f56bfc062723c751e8b465ee728b)
Start importing Assets/CS - Signs Free/Textures/Sign_Dead_End.png using Guid(8b53f9243a851e5458f97f36e312ab73) Importer(815301076,1909f56bfc062723c751e8b465ee728b) [PhysX] Initialized MultithreadedTaskDispatcher with 20 workers.
[PhysX] Initialized MultithreadedTaskDispatcher with 20 workers.
 -> (artifact id: 'dbbc6f5422d2c1ab58cb6ee4143f8022') in 0.016895 seconds
Number of updated asset objects reloaded before import = 0
Number of asset objects unloaded after import = 3
========================================================================
Received Import Request.
  Time since last request: 0.000095 seconds.
  path: Assets/CS - Signs Free/Textures/Sign_One_Way_R1.png
  artifactKey: Guid(2d036f1a8fd1c1b4d9d34146581e004e) Importer(815301076,1909f56bfc062723c751e8b465ee728b)
Start importing Assets/CS - Signs Free/Textures/Sign_One_Way_R1.png using Guid(2d036f1a8fd1c1b4d9d34146581e004e) Importer(815301076,1909f56bfc062723c751e8b465ee728b) [PhysX] Initialized MultithreadedTaskDispatcher with 20 workers.
[PhysX] Initialized MultithreadedTaskDispatcher with 20 workers.
 -> (artifact id: '7a174d357536185483ff996208e10775') in 0.020063 seconds
Number of updated asset objects reloaded before import = 0
Number of asset objects unloaded after import = 3
========================================================================
Received Import Request.
  Time since last request: 0.000053 seconds.
  path: Assets/CS - Signs Free/Textures/Sign_Forward_Only.png
  artifactKey: Guid(69d84cd0b5f5b654bbc7ae77cd91953e) Importer(815301076,1909f56bfc062723c751e8b465ee728b)
Start importing Assets/CS - Signs Free/Textures/Sign_Forward_Only.png using Guid(69d84cd0b5f5b654bbc7ae77cd91953e) Importer(815301076,1909f56bfc062723c751e8b465ee728b) [PhysX] Initialized MultithreadedTaskDispatcher with 20 workers.
[PhysX] Initialized MultithreadedTaskDispatcher with 20 workers.
 -> (artifact id: 'adb7042c54744f3abd45a536388da8cb') in 0.016695 seconds
Number of updated asset objects reloaded before import = 0
Number of asset objects unloaded after import = 3
========================================================================
Received Import Request.
  Time since last request: 0.000053 seconds.
  path: Assets/CS - Signs Free/Textures/Sign_Clearance_12_6.png
  artifactKey: Guid(1a09114e8edffb448a8a4dcdea46ef8d) Importer(815301076,1909f56bfc062723c751e8b465ee728b)
Start importing Assets/CS - Signs Free/Textures/Sign_Clearance_12_6.png using Guid(1a09114e8edffb448a8a4dcdea46ef8d) Importer(815301076,1909f56bfc062723c751e8b465ee728b) [PhysX] Initialized MultithreadedTaskDispatcher with 20 workers.
[PhysX] Initialized MultithreadedTaskDispatcher with 20 workers.
 -> (artifact id: 'e0389fdeac07e46bc7e0525fa1481320') in 0.020359 seconds
Number of updated asset objects reloaded before import = 0
Number of asset objects unloaded after import = 3
========================================================================
Received Import Request.
  Time since last request: 0.000066 seconds.
  path: Assets/CS - Signs Free/Textures/Sign_Sideroad_T.png
  artifactKey: Guid(5d2b523e7232275449b79e97ee835fdc) Importer(815301076,1909f56bfc062723c751e8b465ee728b)
Start importing Assets/CS - Signs Free/Textures/Sign_Sideroad_T.png using Guid(5d2b523e7232275449b79e97ee835fdc) Importer(815301076,1909f56bfc062723c751e8b465ee728b) [PhysX] Initialized MultithreadedTaskDispatcher with 20 workers.
[PhysX] Initialized MultithreadedTaskDispatcher with 20 workers.
 -> (artifact id: '6435d3607976415923bd51155fb9598c') in 0.019830 seconds
Number of updated asset objects reloaded before import = 0
Number of asset objects unloaded after import = 3
========================================================================
Received Import Request.
  Time since last request: 0.000024 seconds.
  path: Assets/CS - Signs Free/Textures/Sign_2_Way_Street.png
  artifactKey: Guid(4d771a7b36dc772428a4f7f97fdfa95c) Importer(815301076,1909f56bfc062723c751e8b465ee728b)
Start importing Assets/CS - Signs Free/Textures/Sign_2_Way_Street.png using Guid(4d771a7b36dc772428a4f7f97fdfa95c) Importer(815301076,1909f56bfc062723c751e8b465ee728b) [PhysX] Initialized MultithreadedTaskDispatcher with 20 workers.
[PhysX] Initialized MultithreadedTaskDispatcher with 20 workers.
 -> (artifact id: 'a7fdc06b32567446d0ff089cab349c00') in 0.018154 seconds
Number of updated asset objects reloaded before import = 0
Number of asset objects unloaded after import = 3
========================================================================
Received Import Request.
  Time since last request: 0.000117 seconds.
  path: Assets/CS - Signs Free/Textures/Sign_Roundabout.png
  artifactKey: Guid(c2dbc5425729a6646bb62bea7da33b80) Importer(815301076,1909f56bfc062723c751e8b465ee728b)
Start importing Assets/CS - Signs Free/Textures/Sign_Roundabout.png using Guid(c2dbc5425729a6646bb62bea7da33b80) Importer(815301076,1909f56bfc062723c751e8b465ee728b) [PhysX] Initialized MultithreadedTaskDispatcher with 20 workers.
[PhysX] Initialized MultithreadedTaskDispatcher with 20 workers.
 -> (artifact id: '58cc8c2719922b5fac6ea1424e0bdc0c') in 0.022410 seconds
Number of updated asset objects reloaded before import = 0
Number of asset objects unloaded after import = 3
========================================================================
Received Import Request.
  Time since last request: 0.000129 seconds.
  path: Assets/CS - Signs Free/Textures/Sign_Roundabout_Chevron_3.png
  artifactKey: Guid(2d96ed1d7c6ebe349a98ba75a22ad483) Importer(815301076,1909f56bfc062723c751e8b465ee728b)
Start importing Assets/CS - Signs Free/Textures/Sign_Roundabout_Chevron_3.png using Guid(2d96ed1d7c6ebe349a98ba75a22ad483) Importer(815301076,1909f56bfc062723c751e8b465ee728b) [PhysX] Initialized MultithreadedTaskDispatcher with 20 workers.
[PhysX] Initialized MultithreadedTaskDispatcher with 20 workers.
 -> (artifact id: '8e3171330e81cf6f0b9eb55951598b15') in 0.022563 seconds
Number of updated asset objects reloaded before import = 0
Number of asset objects unloaded after import = 3
========================================================================
Received Import Request.
  Time since last request: 0.000046 seconds.
  path: Assets/CS - Signs Free/Textures/Sign_2_Hour_Parking_2.png
  artifactKey: Guid(fceaf7b32410aa949bc87a94810d7a38) Importer(815301076,1909f56bfc062723c751e8b465ee728b)
Start importing Assets/CS - Signs Free/Textures/Sign_2_Hour_Parking_2.png using Guid(fceaf7b32410aa949bc87a94810d7a38) Importer(815301076,1909f56bfc062723c751e8b465ee728b) [PhysX] Initialized MultithreadedTaskDispatcher with 20 workers.
[PhysX] Initialized MultithreadedTaskDispatcher with 20 workers.
 -> (artifact id: 'f425b16870d5e717bd2668186daec110') in 0.017239 seconds
Number of updated asset objects reloaded before import = 0
Number of asset objects unloaded after import = 3
========================================================================
Received Import Request.
  Time since last request: 0.000066 seconds.
  path: Assets/CS - Signs Free/Textures/Sign_Exit_40_MPH.png
  artifactKey: Guid(b0e478fdc02efff48be3d41770885238) Importer(815301076,1909f56bfc062723c751e8b465ee728b)
Start importing Assets/CS - Signs Free/Textures/Sign_Exit_40_MPH.png using Guid(b0e478fdc02efff48be3d41770885238) Importer(815301076,1909f56bfc062723c751e8b465ee728b) [PhysX] Initialized MultithreadedTaskDispatcher with 20 workers.
[PhysX] Initialized MultithreadedTaskDispatcher with 20 workers.
 -> (artifact id: '884be561e6b3ceb9d60eac07faa75adc') in 0.018717 seconds
Number of updated asset objects reloaded before import = 0
Number of asset objects unloaded after import = 3
========================================================================
Received Import Request.
  Time since last request: 0.000028 seconds.
  path: Assets/CS - Signs Free/Textures/Sign_Left_Turn_Only.png
  artifactKey: Guid(0e82702250b51a149b86ecdbb7b06d5e) Importer(815301076,1909f56bfc062723c751e8b465ee728b)
Start importing Assets/CS - Signs Free/Textures/Sign_Left_Turn_Only.png using Guid(0e82702250b51a149b86ecdbb7b06d5e) Importer(815301076,1909f56bfc062723c751e8b465ee728b) [PhysX] Initialized MultithreadedTaskDispatcher with 20 workers.
[PhysX] Initialized MultithreadedTaskDispatcher with 20 workers.
 -> (artifact id: 'a52d1b2f276774257408c649dd000ed3') in 0.017623 seconds
Number of updated asset objects reloaded before import = 0
Number of asset objects unloaded after import = 3
========================================================================
Received Import Request.
  Time since last request: 0.000058 seconds.
  path: Assets/CS - Signs Free/Textures/Sign_No_Parking.png
  artifactKey: Guid(dfc06bb8e91598644a26cb50f852eec8) Importer(815301076,1909f56bfc062723c751e8b465ee728b)
Start importing Assets/CS - Signs Free/Textures/Sign_No_Parking.png using Guid(dfc06bb8e91598644a26cb50f852eec8) Importer(815301076,1909f56bfc062723c751e8b465ee728b) [PhysX] Initialized MultithreadedTaskDispatcher with 20 workers.
[PhysX] Initialized MultithreadedTaskDispatcher with 20 workers.
 -> (artifact id: '2f579713ac83312e59f41294547141fe') in 0.018571 seconds
Number of updated asset objects reloaded before import = 0
Number of asset objects unloaded after import = 3
========================================================================
Received Import Request.
  Time since last request: 0.000025 seconds.
  path: Assets/CS - Signs Free/Textures/Sign_Forward_or_Right.png
  artifactKey: Guid(b32644e0f5f446447a5ec514cd7abada) Importer(815301076,1909f56bfc062723c751e8b465ee728b)
Start importing Assets/CS - Signs Free/Textures/Sign_Forward_or_Right.png using Guid(b32644e0f5f446447a5ec514cd7abada) Importer(815301076,1909f56bfc062723c751e8b465ee728b) [PhysX] Initialized MultithreadedTaskDispatcher with 20 workers.
[PhysX] Initialized MultithreadedTaskDispatcher with 20 workers.
 -> (artifact id: '5219caa7ddb7a4213d3402be1b92472d') in 0.016318 seconds
Number of updated asset objects reloaded before import = 0
Number of asset objects unloaded after import = 3
========================================================================
Received Import Request.
  Time since last request: 5.995532 seconds.
  path: Assets/CS - Signs Free/Prefabs/X-Small/St_Airport_Way.prefab
  artifactKey: Guid(77630b443fe148542ab75f6c077ac7e0) Importer(815301076,1909f56bfc062723c751e8b465ee728b)
Start importing Assets/CS - Signs Free/Prefabs/X-Small/St_Airport_Way.prefab using Guid(77630b443fe148542ab75f6c077ac7e0) Importer(815301076,1909f56bfc062723c751e8b465ee728b) [PhysX] Initialized MultithreadedTaskDispatcher with 20 workers.
[PhysX] Initialized MultithreadedTaskDispatcher with 20 workers.
 -> (artifact id: '283bc749db7bcbf14531e0b49876bcd6') in 0.023075 seconds
Number of updated asset objects reloaded before import = 0
Number of asset objects unloaded after import = 41
========================================================================
Received Import Request.
  Time since last request: 0.000024 seconds.
  path: Assets/CS - Signs Free/Prefabs/X-Small/Tab_Speed_25.prefab
  artifactKey: Guid(7906122a50f78014295cc7207ea8447a) Importer(815301076,1909f56bfc062723c751e8b465ee728b)
Start importing Assets/CS - Signs Free/Prefabs/X-Small/Tab_Speed_25.prefab using Guid(7906122a50f78014295cc7207ea8447a) Importer(815301076,1909f56bfc062723c751e8b465ee728b) [PhysX] Initialized MultithreadedTaskDispatcher with 20 workers.
[PhysX] Initialized MultithreadedTaskDispatcher with 20 workers.
 -> (artifact id: 'a3e9ed7a235a0815884236149a59fa03') in 0.025611 seconds
Number of updated asset objects reloaded before import = 0
Number of asset objects unloaded after import = 41
========================================================================
Received Import Request.
  Time since last request: 2.241420 seconds.
  path: Assets/CS - Signs Free/Prefabs/Sm-Med/Sign_Added_Lane.prefab
  artifactKey: Guid(455f8b3abee24c74cb3ed9330637361f) Importer(815301076,1909f56bfc062723c751e8b465ee728b)
Start importing Assets/CS - Signs Free/Prefabs/Sm-Med/Sign_Added_Lane.prefab using Guid(455f8b3abee24c74cb3ed9330637361f) Importer(815301076,1909f56bfc062723c751e8b465ee728b) [PhysX] Initialized MultithreadedTaskDispatcher with 20 workers.
[PhysX] Initialized MultithreadedTaskDispatcher with 20 workers.
 -> (artifact id: 'd447e683cfc66d6e19cfa3c6993064e7') in 0.024381 seconds
Number of updated asset objects reloaded before import = 0
Number of asset objects unloaded after import = 41
========================================================================
Received Import Request.
  Time since last request: 0.000019 seconds.
  path: Assets/CS - Signs Free/Prefabs/Sm-Med/Sign_No_U_Turn.prefab
  artifactKey: Guid(75c592e102b5ca648b45c48e1bf60f2d) Importer(815301076,1909f56bfc062723c751e8b465ee728b)
Start importing Assets/CS - Signs Free/Prefabs/Sm-Med/Sign_No_U_Turn.prefab using Guid(75c592e102b5ca648b45c48e1bf60f2d) Importer(815301076,1909f56bfc062723c751e8b465ee728b) [PhysX] Initialized MultithreadedTaskDispatcher with 20 workers.
[PhysX] Initialized MultithreadedTaskDispatcher with 20 workers.
 -> (artifact id: 'ee781bfd55d28a0fef421294e0c58413') in 0.026618 seconds
Number of updated asset objects reloaded before import = 0
Number of asset objects unloaded after import = 41
========================================================================
Received Import Request.
  Time since last request: 0.000018 seconds.
  path: Assets/CS - Signs Free/Prefabs/Sm-Med/Sign_Sharp_RL.prefab
  artifactKey: Guid(1b7d294d7e9b63348817c43a168ce7ee) Importer(815301076,1909f56bfc062723c751e8b465ee728b)
Start importing Assets/CS - Signs Free/Prefabs/Sm-Med/Sign_Sharp_RL.prefab using Guid(1b7d294d7e9b63348817c43a168ce7ee) Importer(815301076,1909f56bfc062723c751e8b465ee728b) [PhysX] Initialized MultithreadedTaskDispatcher with 20 workers.
[PhysX] Initialized MultithreadedTaskDispatcher with 20 workers.
 -> (artifact id: '08f984ef72d4ce8fa5b3d4d735201141') in 0.024088 seconds
Number of updated asset objects reloaded before import = 0
Number of asset objects unloaded after import = 41
========================================================================
Received Import Request.
  Time since last request: 0.000019 seconds.
  path: Assets/CS - Signs Free/Prefabs/Sm-Med/Sign_Keep_Right.prefab
  artifactKey: Guid(8be90e9d4304710459980de7dac73c2b) Importer(815301076,1909f56bfc062723c751e8b465ee728b)
Start importing Assets/CS - Signs Free/Prefabs/Sm-Med/Sign_Keep_Right.prefab using Guid(8be90e9d4304710459980de7dac73c2b) Importer(815301076,1909f56bfc062723c751e8b465ee728b) [PhysX] Initialized MultithreadedTaskDispatcher with 20 workers.
[PhysX] Initialized MultithreadedTaskDispatcher with 20 workers.
 -> (artifact id: '8ee75744b47ce489c6c88dd405481d49') in 0.023203 seconds
Number of updated asset objects reloaded before import = 0
Number of asset objects unloaded after import = 41
========================================================================
Received Import Request.
  Time since last request: 0.000031 seconds.
  path: Assets/CS - Signs Free/Prefabs/Sm-Med/Sign_Sideroad_T_R.prefab
  artifactKey: Guid(d0f521359e02f424a93aaf2a30538a89) Importer(815301076,1909f56bfc062723c751e8b465ee728b)
Start importing Assets/CS - Signs Free/Prefabs/Sm-Med/Sign_Sideroad_T_R.prefab using Guid(d0f521359e02f424a93aaf2a30538a89) Importer(815301076,1909f56bfc062723c751e8b465ee728b) [PhysX] Initialized MultithreadedTaskDispatcher with 20 workers.
[PhysX] Initialized MultithreadedTaskDispatcher with 20 workers.
 -> (artifact id: '3d1053ddaf667e416552038be29572f0') in 0.024772 seconds
Number of updated asset objects reloaded before import = 0
Number of asset objects unloaded after import = 41
========================================================================
Received Import Request.
  Time since last request: 0.000030 seconds.
  path: Assets/CS - Signs Free/Prefabs/Sm-Med/Sign_Divided_Highway_Ends.prefab
  artifactKey: Guid(49cca9e72e1089842acf66427bbe1cf3) Importer(815301076,1909f56bfc062723c751e8b465ee728b)
Start importing Assets/CS - Signs Free/Prefabs/Sm-Med/Sign_Divided_Highway_Ends.prefab using Guid(49cca9e72e1089842acf66427bbe1cf3) Importer(815301076,1909f56bfc062723c751e8b465ee728b) [PhysX] Initialized MultithreadedTaskDispatcher with 20 workers.
[PhysX] Initialized MultithreadedTaskDispatcher with 20 workers.
 -> (artifact id: '549de200d3388741c8a9d37e4efde53d') in 0.024983 seconds
Number of updated asset objects reloaded before import = 0
Number of asset objects unloaded after import = 41
========================================================================
Received Import Request.
  Time since last request: 0.000029 seconds.
  path: Assets/CS - Signs Free/Prefabs/Sm-Med/Sign_LR.prefab
  artifactKey: Guid(330206d07eea04b419dab1ac0eb8e569) Importer(815301076,1909f56bfc062723c751e8b465ee728b)
Start importing Assets/CS - Signs Free/Prefabs/Sm-Med/Sign_LR.prefab using Guid(330206d07eea04b419dab1ac0eb8e569) Importer(815301076,1909f56bfc062723c751e8b465ee728b) [PhysX] Initialized MultithreadedTaskDispatcher with 20 workers.
[PhysX] Initialized MultithreadedTaskDispatcher with 20 workers.
 -> (artifact id: '8dbff623ee0b665146242b9731fc7de9') in 0.023646 seconds
Number of updated asset objects reloaded before import = 0
Number of asset objects unloaded after import = 41
========================================================================
Received Import Request.
  Time since last request: 0.322464 seconds.
  path: Assets/CS - Signs Free/Prefabs/Small/Sign_2_Way_Street.prefab
  artifactKey: Guid(c07252de08dfb5941825bea813ba7f99) Importer(815301076,1909f56bfc062723c751e8b465ee728b)
Start importing Assets/CS - Signs Free/Prefabs/Small/Sign_2_Way_Street.prefab using Guid(c07252de08dfb5941825bea813ba7f99) Importer(815301076,1909f56bfc062723c751e8b465ee728b) [PhysX] Initialized MultithreadedTaskDispatcher with 20 workers.
[PhysX] Initialized MultithreadedTaskDispatcher with 20 workers.
 -> (artifact id: 'c7eeb48e1b81d73fb395a4d3eaf6d1c4') in 0.025151 seconds
Number of updated asset objects reloaded before import = 0
Number of asset objects unloaded after import = 41
========================================================================
Received Import Request.
  Time since last request: 0.000027 seconds.
  path: Assets/CS - Signs Free/Prefabs/Small/Sign_RL.prefab
  artifactKey: Guid(c04980bf36fc87448be60b5700ad31cd) Importer(815301076,1909f56bfc062723c751e8b465ee728b)
Start importing Assets/CS - Signs Free/Prefabs/Small/Sign_RL.prefab using Guid(c04980bf36fc87448be60b5700ad31cd) Importer(815301076,1909f56bfc062723c751e8b465ee728b) [PhysX] Initialized MultithreadedTaskDispatcher with 20 workers.
[PhysX] Initialized MultithreadedTaskDispatcher with 20 workers.
 -> (artifact id: 'e53000e34243f47d35b510b973185433') in 0.027505 seconds
Number of updated asset objects reloaded before import = 0
Number of asset objects unloaded after import = 41
========================================================================
Received Import Request.
  Time since last request: 0.000021 seconds.
  path: Assets/CS - Signs Free/Prefabs/Small/Sign_Forward_or_Left.prefab
  artifactKey: Guid(8df825f6b0240dd45be8926dcac9e1a9) Importer(815301076,1909f56bfc062723c751e8b465ee728b)
Start importing Assets/CS - Signs Free/Prefabs/Small/Sign_Forward_or_Left.prefab using Guid(8df825f6b0240dd45be8926dcac9e1a9) Importer(815301076,1909f56bfc062723c751e8b465ee728b) [PhysX] Initialized MultithreadedTaskDispatcher with 20 workers.
[PhysX] Initialized MultithreadedTaskDispatcher with 20 workers.
 -> (artifact id: '0cde700d6df1bb8e555275e5cac036fa') in 0.027222 seconds
Number of updated asset objects reloaded before import = 0
Number of asset objects unloaded after import = 41
========================================================================
Received Import Request.
  Time since last request: 0.000025 seconds.
  path: Assets/CS - Signs Free/Prefabs/Small/Sign_Right_Turn_Only.prefab
  artifactKey: Guid(ef9ad83a7d9fc6a4eb8113463feab4e3) Importer(815301076,1909f56bfc062723c751e8b465ee728b)
Start importing Assets/CS - Signs Free/Prefabs/Small/Sign_Right_Turn_Only.prefab using Guid(ef9ad83a7d9fc6a4eb8113463feab4e3) Importer(815301076,1909f56bfc062723c751e8b465ee728b) [PhysX] Initialized MultithreadedTaskDispatcher with 20 workers.
[PhysX] Initialized MultithreadedTaskDispatcher with 20 workers.
 -> (artifact id: '70972ab1facdba8a75706317d5035071') in 0.026881 seconds
Number of updated asset objects reloaded before import = 0
Number of asset objects unloaded after import = 41
========================================================================
Received Import Request.
  Time since last request: 0.000035 seconds.
  path: Assets/CS - Signs Free/Prefabs/Small/Sign_Left_Lane_Ends_2.prefab
  artifactKey: Guid(b2fdf9fe663841b49b2559360d22a104) Importer(815301076,1909f56bfc062723c751e8b465ee728b)
Start importing Assets/CS - Signs Free/Prefabs/Small/Sign_Left_Lane_Ends_2.prefab using Guid(b2fdf9fe663841b49b2559360d22a104) Importer(815301076,1909f56bfc062723c751e8b465ee728b) [PhysX] Initialized MultithreadedTaskDispatcher with 20 workers.
[PhysX] Initialized MultithreadedTaskDispatcher with 20 workers.
 -> (artifact id: 'f3ba67c5f0ee85d622843f8c60b80a43') in 0.022731 seconds
Number of updated asset objects reloaded before import = 0
Number of asset objects unloaded after import = 41
========================================================================
Received Import Request.
  Time since last request: 0.000038 seconds.
  path: Assets/CS - Signs Free/Prefabs/Small/Sign_Left_Turn_Only.prefab
  artifactKey: Guid(1bd4dcedf1bd78b49b44bbd925882374) Importer(815301076,1909f56bfc062723c751e8b465ee728b)
Start importing Assets/CS - Signs Free/Prefabs/Small/Sign_Left_Turn_Only.prefab using Guid(1bd4dcedf1bd78b49b44bbd925882374) Importer(815301076,1909f56bfc062723c751e8b465ee728b) [PhysX] Initialized MultithreadedTaskDispatcher with 20 workers.
[PhysX] Initialized MultithreadedTaskDispatcher with 20 workers.
 -> (artifact id: '010eb4be76ac524ea1a35d81bfb488d6') in 0.024852 seconds
Number of updated asset objects reloaded before import = 0
Number of asset objects unloaded after import = 41
========================================================================
Received Import Request.
  Time since last request: 0.000031 seconds.
  path: Assets/CS - Signs Free/Prefabs/Small/Sign_No_Parking.prefab
  artifactKey: Guid(4adc984d69387a04f9e0bd1629c8b45a) Importer(815301076,1909f56bfc062723c751e8b465ee728b)
Start importing Assets/CS - Signs Free/Prefabs/Small/Sign_No_Parking.prefab using Guid(4adc984d69387a04f9e0bd1629c8b45a) Importer(815301076,1909f56bfc062723c751e8b465ee728b) [PhysX] Initialized MultithreadedTaskDispatcher with 20 workers.
[PhysX] Initialized MultithreadedTaskDispatcher with 20 workers.
 -> (artifact id: '8fed39dd16611be103ab107075e6bc5f') in 0.024722 seconds
Number of updated asset objects reloaded before import = 0
Number of asset objects unloaded after import = 41
========================================================================
Received Import Request.
  Time since last request: 0.310210 seconds.
  path: Assets/CS - Signs Free/Prefabs/Medium/Sign_2_Way_Street.prefab
  artifactKey: Guid(8b68463b20d2e7e429bc31ed99fb988e) Importer(815301076,1909f56bfc062723c751e8b465ee728b)
Start importing Assets/CS - Signs Free/Prefabs/Medium/Sign_2_Way_Street.prefab using Guid(8b68463b20d2e7e429bc31ed99fb988e) Importer(815301076,1909f56bfc062723c751e8b465ee728b) [PhysX] Initialized MultithreadedTaskDispatcher with 20 workers.
[PhysX] Initialized MultithreadedTaskDispatcher with 20 workers.
 -> (artifact id: '846317a250ca0826f13554c83ca7dae6') in 0.024010 seconds
Number of updated asset objects reloaded before import = 0
Number of asset objects unloaded after import = 41
========================================================================
Received Import Request.
  Time since last request: 0.000022 seconds.
  path: Assets/CS - Signs Free/Prefabs/Medium/Sign_Dead_End.prefab
  artifactKey: Guid(e492df67ba84bf14f9f523872533f13c) Importer(815301076,1909f56bfc062723c751e8b465ee728b)
Start importing Assets/CS - Signs Free/Prefabs/Medium/Sign_Dead_End.prefab using Guid(e492df67ba84bf14f9f523872533f13c) Importer(815301076,1909f56bfc062723c751e8b465ee728b) [PhysX] Initialized MultithreadedTaskDispatcher with 20 workers.
[PhysX] Initialized MultithreadedTaskDispatcher with 20 workers.
 -> (artifact id: 'cfeabe79cc45e6cc8bef781c6d0b60f6') in 0.027995 seconds
Number of updated asset objects reloaded before import = 0
Number of asset objects unloaded after import = 41
========================================================================
Received Import Request.
  Time since last request: 0.000020 seconds.
  path: Assets/CS - Signs Free/Prefabs/Medium/Sign_Forward_or_Right.prefab
  artifactKey: Guid(ffc71e9ce6f1fc74e84bf6786a478080) Importer(815301076,1909f56bfc062723c751e8b465ee728b)
Start importing Assets/CS - Signs Free/Prefabs/Medium/Sign_Forward_or_Right.prefab using Guid(ffc71e9ce6f1fc74e84bf6786a478080) Importer(815301076,1909f56bfc062723c751e8b465ee728b) [PhysX] Initialized MultithreadedTaskDispatcher with 20 workers.
[PhysX] Initialized MultithreadedTaskDispatcher with 20 workers.
 -> (artifact id: '5f13b5eb0344784307f8ff1a5aa8b8de') in 0.024749 seconds
Number of updated asset objects reloaded before import = 0
Number of asset objects unloaded after import = 41
========================================================================
Received Import Request.
  Time since last request: 0.000027 seconds.
  path: Assets/CS - Signs Free/Prefabs/Medium/Sign_Forward_or_Left.prefab
  artifactKey: Guid(3ca2af5c7bb396b478771f205d8e5195) Importer(815301076,1909f56bfc062723c751e8b465ee728b)
Start importing Assets/CS - Signs Free/Prefabs/Medium/Sign_Forward_or_Left.prefab using Guid(3ca2af5c7bb396b478771f205d8e5195) Importer(815301076,1909f56bfc062723c751e8b465ee728b) [PhysX] Initialized MultithreadedTaskDispatcher with 20 workers.
[PhysX] Initialized MultithreadedTaskDispatcher with 20 workers.
 -> (artifact id: '308c051c6f512d47c008fa0beb47be42') in 0.024358 seconds
Number of updated asset objects reloaded before import = 0
Number of asset objects unloaded after import = 41
========================================================================
Received Import Request.
  Time since last request: 0.000034 seconds.
  path: Assets/CS - Signs Free/Prefabs/Medium/Sign_No_Parking.prefab
  artifactKey: Guid(8f2dbefcf3030b847bb9a7aef3c8d79e) Importer(815301076,1909f56bfc062723c751e8b465ee728b)
Start importing Assets/CS - Signs Free/Prefabs/Medium/Sign_No_Parking.prefab using Guid(8f2dbefcf3030b847bb9a7aef3c8d79e) Importer(815301076,1909f56bfc062723c751e8b465ee728b) [PhysX] Initialized MultithreadedTaskDispatcher with 20 workers.
[PhysX] Initialized MultithreadedTaskDispatcher with 20 workers.
 -> (artifact id: '5ef9b89830b3467b5ca8630977fb1d47') in 0.025296 seconds
Number of updated asset objects reloaded before import = 0
Number of asset objects unloaded after import = 41
========================================================================
Received Import Request.
  Time since last request: 0.000023 seconds.
  path: Assets/CS - Signs Free/Prefabs/Medium/Sign_Right_Lane_Ends_2.prefab
  artifactKey: Guid(18608594168ebbe42a2c84f5c637b44a) Importer(815301076,1909f56bfc062723c751e8b465ee728b)
Start importing Assets/CS - Signs Free/Prefabs/Medium/Sign_Right_Lane_Ends_2.prefab using Guid(18608594168ebbe42a2c84f5c637b44a) Importer(815301076,1909f56bfc062723c751e8b465ee728b) [PhysX] Initialized MultithreadedTaskDispatcher with 20 workers.
[PhysX] Initialized MultithreadedTaskDispatcher with 20 workers.
 -> (artifact id: '9f65142484fb8201f8edf3ccd1c6db95') in 0.026253 seconds
Number of updated asset objects reloaded before import = 0
Number of asset objects unloaded after import = 41
========================================================================
Received Import Request.
  Time since last request: 0.000023 seconds.
  path: Assets/CS - Signs Free/Prefabs/Medium/Sign_Forward_Only.prefab
  artifactKey: Guid(1de3a89f44cdcf04f9401da8ccb5f75e) Importer(815301076,1909f56bfc062723c751e8b465ee728b)
Start importing Assets/CS - Signs Free/Prefabs/Medium/Sign_Forward_Only.prefab using Guid(1de3a89f44cdcf04f9401da8ccb5f75e) Importer(815301076,1909f56bfc062723c751e8b465ee728b) [PhysX] Initialized MultithreadedTaskDispatcher with 20 workers.
[PhysX] Initialized MultithreadedTaskDispatcher with 20 workers.
 -> (artifact id: '179ec73471e644d3e98f88d82e5639ed') in 0.022594 seconds
Number of updated asset objects reloaded before import = 0
Number of asset objects unloaded after import = 41
========================================================================
Received Import Request.
  Time since last request: 0.175932 seconds.
  path: Assets/CS - Signs Free/Prefabs/Large/Sign_Added_Lane.prefab
  artifactKey: Guid(43ab66a5b73108b4aba615d3541fc9ea) Importer(815301076,1909f56bfc062723c751e8b465ee728b)
Start importing Assets/CS - Signs Free/Prefabs/Large/Sign_Added_Lane.prefab using Guid(43ab66a5b73108b4aba615d3541fc9ea) Importer(815301076,1909f56bfc062723c751e8b465ee728b) [PhysX] Initialized MultithreadedTaskDispatcher with 20 workers.
[PhysX] Initialized MultithreadedTaskDispatcher with 20 workers.
 -> (artifact id: '9dea2fda42c14495d9a116bae482c4b0') in 0.025160 seconds
Number of updated asset objects reloaded before import = 0
Number of asset objects unloaded after import = 41
========================================================================
Received Import Request.
  Time since last request: 0.000017 seconds.
  path: Assets/CS - Signs Free/Prefabs/Large/Sign_Right_Turn_Only.prefab
  artifactKey: Guid(7919c0439bd1d5542aa2f1fc66405d82) Importer(815301076,1909f56bfc062723c751e8b465ee728b)
Start importing Assets/CS - Signs Free/Prefabs/Large/Sign_Right_Turn_Only.prefab using Guid(7919c0439bd1d5542aa2f1fc66405d82) Importer(815301076,1909f56bfc062723c751e8b465ee728b) [PhysX] Initialized MultithreadedTaskDispatcher with 20 workers.
[PhysX] Initialized MultithreadedTaskDispatcher with 20 workers.
 -> (artifact id: 'bb4a7ad12d800932db9bbd568d3b2acd') in 0.025444 seconds
Number of updated asset objects reloaded before import = 0
Number of asset objects unloaded after import = 41
========================================================================
Received Import Request.
  Time since last request: 0.000026 seconds.
  path: Assets/CS - Signs Free/Prefabs/Large/Sign_Sharp_Right.prefab
  artifactKey: Guid(e567d38d825d8904c950e8596e642b77) Importer(815301076,1909f56bfc062723c751e8b465ee728b)
Start importing Assets/CS - Signs Free/Prefabs/Large/Sign_Sharp_Right.prefab using Guid(e567d38d825d8904c950e8596e642b77) Importer(815301076,1909f56bfc062723c751e8b465ee728b) [PhysX] Initialized MultithreadedTaskDispatcher with 20 workers.
[PhysX] Initialized MultithreadedTaskDispatcher with 20 workers.
 -> (artifact id: '7f7189735c966c8560b74023c6c6b982') in 0.027244 seconds
Number of updated asset objects reloaded before import = 0
Number of asset objects unloaded after import = 41
========================================================================
Received Import Request.
  Time since last request: 0.000035 seconds.
  path: Assets/CS - Signs Free/Prefabs/Large/Sign_Left_Turn_Yield_On_Green.prefab
  artifactKey: Guid(545fc65bf982f5642a55d66af1938055) Importer(815301076,1909f56bfc062723c751e8b465ee728b)
Start importing Assets/CS - Signs Free/Prefabs/Large/Sign_Left_Turn_Yield_On_Green.prefab using Guid(545fc65bf982f5642a55d66af1938055) Importer(815301076,1909f56bfc062723c751e8b465ee728b) [PhysX] Initialized MultithreadedTaskDispatcher with 20 workers.
[PhysX] Initialized MultithreadedTaskDispatcher with 20 workers.
 -> (artifact id: '2c0219538e4f569a0c9f82a584a16100') in 0.024530 seconds
Number of updated asset objects reloaded before import = 0
Number of asset objects unloaded after import = 41
========================================================================
Received Import Request.
  Time since last request: 0.000023 seconds.
  path: Assets/CS - Signs Free/Prefabs/Large/Sign_Forward_or_Left.prefab
  artifactKey: Guid(0f84162984fbae7458a184c785365eb9) Importer(815301076,1909f56bfc062723c751e8b465ee728b)
Start importing Assets/CS - Signs Free/Prefabs/Large/Sign_Forward_or_Left.prefab using Guid(0f84162984fbae7458a184c785365eb9) Importer(815301076,1909f56bfc062723c751e8b465ee728b) [PhysX] Initialized MultithreadedTaskDispatcher with 20 workers.
[PhysX] Initialized MultithreadedTaskDispatcher with 20 workers.
 -> (artifact id: 'ad553f33d8d917ab560ddf4ebab81d99') in 0.024634 seconds
Number of updated asset objects reloaded before import = 0
Number of asset objects unloaded after import = 41
========================================================================
Received Import Request.
  Time since last request: 0.000122 seconds.
  path: Assets/CS - Signs Free/Prefabs/Large/Sign_Sharp_Left.prefab
  artifactKey: Guid(ffda5725b67138a4f8a82aac764efcee) Importer(815301076,1909f56bfc062723c751e8b465ee728b)
Start importing Assets/CS - Signs Free/Prefabs/Large/Sign_Sharp_Left.prefab using Guid(ffda5725b67138a4f8a82aac764efcee) Importer(815301076,1909f56bfc062723c751e8b465ee728b) [PhysX] Initialized MultithreadedTaskDispatcher with 20 workers.
[PhysX] Initialized MultithreadedTaskDispatcher with 20 workers.
 -> (artifact id: 'bdedb274675b3f0b9d0a08f3c0cd34cb') in 0.023264 seconds
Number of updated asset objects reloaded before import = 0
Number of asset objects unloaded after import = 41
========================================================================
Received Import Request.
  Time since last request: 0.000030 seconds.
  path: Assets/CS - Signs Free/Prefabs/Large/Sign_One_Way_L1.prefab
  artifactKey: Guid(841ab63465ee9704bb36421d39a7fe47) Importer(815301076,1909f56bfc062723c751e8b465ee728b)
Start importing Assets/CS - Signs Free/Prefabs/Large/Sign_One_Way_L1.prefab using Guid(841ab63465ee9704bb36421d39a7fe47) Importer(815301076,1909f56bfc062723c751e8b465ee728b) [PhysX] Initialized MultithreadedTaskDispatcher with 20 workers.
[PhysX] Initialized MultithreadedTaskDispatcher with 20 workers.
 -> (artifact id: '0dc7396291dfec09607125170be74745') in 0.027513 seconds
Number of updated asset objects reloaded before import = 0
Number of asset objects unloaded after import = 41
========================================================================
Received Import Request.
  Time since last request: 2.392310 seconds.
  path: Assets/CS - Signs Free/Textures/Sign_Speed_40.png
  artifactKey: Guid(bd6a5bbc8478ba44da5b4887f9cf8303) Importer(815301076,1909f56bfc062723c751e8b465ee728b)
Start importing Assets/CS - Signs Free/Textures/Sign_Speed_40.png using Guid(bd6a5bbc8478ba44da5b4887f9cf8303) Importer(815301076,1909f56bfc062723c751e8b465ee728b) [PhysX] Initialized MultithreadedTaskDispatcher with 20 workers.
[PhysX] Initialized MultithreadedTaskDispatcher with 20 workers.
 -> (artifact id: 'cca922a1b3efbdf6119abfa0598ed112') in 0.021865 seconds
Number of updated asset objects reloaded before import = 0
Number of asset objects unloaded after import = 3
========================================================================
Received Import Request.
  Time since last request: 0.050536 seconds.
  path: Assets/CS - Signs Free/Textures/St_1st.png
  artifactKey: Guid(af986b308201e284495fa29de7eca0bd) Importer(815301076,1909f56bfc062723c751e8b465ee728b)
Start importing Assets/CS - Signs Free/Textures/St_1st.png using Guid(af986b308201e284495fa29de7eca0bd) Importer(815301076,1909f56bfc062723c751e8b465ee728b) [PhysX] Initialized MultithreadedTaskDispatcher with 20 workers.
[PhysX] Initialized MultithreadedTaskDispatcher with 20 workers.
 -> (artifact id: '1246607764f39d64e904309636613684') in 0.021784 seconds
Number of updated asset objects reloaded before import = 0
Number of asset objects unloaded after import = 3
========================================================================
Received Import Request.
  Time since last request: 0.563453 seconds.
  path: Assets/CS - Signs Free/Textures/Tab_45_MPH.png
  artifactKey: Guid(26048f6543d2c6949abd7816404ac75c) Importer(815301076,1909f56bfc062723c751e8b465ee728b)
Start importing Assets/CS - Signs Free/Textures/Tab_45_MPH.png using Guid(26048f6543d2c6949abd7816404ac75c) Importer(815301076,1909f56bfc062723c751e8b465ee728b) [PhysX] Initialized MultithreadedTaskDispatcher with 20 workers.
[PhysX] Initialized MultithreadedTaskDispatcher with 20 workers.
 -> (artifact id: 'aa7eccb86d34266d5667969b01dd5fe6') in 0.021843 seconds
Number of updated asset objects reloaded before import = 0
Number of asset objects unloaded after import = 3
Editor requested this worker to shutdown with reason: Scaling down because of idle timeout
TcpMessagingSession - receive error: operation aborted. errorcode: 995, details:  I/O 
AssetImportWorker is now disconnected from the server
Process exiting
Exiting without the bug reporter. Application will terminate with return code 0